<html>
<head>
<title>TestNG:  Test</title>
<link href="../testng.css" rel="stylesheet" type="text/css" />
<link href="../my-testng.css" rel="stylesheet" type="text/css" />

<style type="text/css">
.log { display: none;} 
.stack-trace { display: none;} 
</style>
<script type="text/javascript">
<!--
function flip(e) {
  current = e.style.display;
  if (current == 'block') {
    e.style.display = 'none';
    return 0;
  }
  else {
    e.style.display = 'block';
    return 1;
  }
}

function toggleBox(szDivId, elem, msg1, msg2)
{
  var res = -1;  if (document.getElementById) {
    res = flip(document.getElementById(szDivId));
  }
  else if (document.all) {
    // this is the way old msie versions work
    res = flip(document.all[szDivId]);
  }
  if(elem) {
    if(res == 0) elem.innerHTML = msg1; else elem.innerHTML = msg2;
  }

}

function toggleAllBoxes() {
  if (document.getElementsByTagName) {
    d = document.getElementsByTagName('div');
    for (i = 0; i < d.length; i++) {
      if (d[i].className == 'log') {
        flip(d[i]);
      }
    }
  }
}

// -->
</script>

</head>
<body>
<h2 align='center'>Test</h2><table border='1' align="center">
<tr>
<td>Tests passed/Failed/Skipped:</td><td>0/0/18</td>
</tr><tr>
<td>Started on:</td><td>Tue Jun 04 15:46:46 PDT 2019</td>
</tr>
<tr><td>Total time:</td><td>0 seconds (146 ms)</td>
</tr><tr>
<td>Included groups:</td><td></td>
</tr><tr>
<td>Excluded groups:</td><td></td>
</tr>
</table><p/>
<small><i>(Hover the method name to see the test class name)</i></small><p/>
<table width='100%' border='1' class='invocation-skipped'>
<tr><td colspan='4' align='center'><b>SKIPPED CONFIGURATIONS</b></td></tr>
<tr><td><b>Test method</b></td>
<td width="30%"><b>Exception</b></td>
<td width="10%"><b>Time (seconds)</b></td>
<td><b>Instance</b></td>
</tr>
<tr>
<td title='CTD_Unprocessed_Events_Endpoint.Tombstone_cms_client_names.jdbc()'><b>jdbc</b><br>Test class: CTD_Unprocessed_Events_Endpoint.Tombstone_cms_client_names</td>
<<<<<<< master
<td><div><pre>org.testng.SkipException: SQL connection refused and therefore all tests are skipped
	at CTD_Unprocessed_Events_Endpoint.Tombstone_cms_client_names.jdbc(Tombstone_cms_client_names.java:48)
... Removed 26 stack frames</pre></div><a href='#' onClick='toggleBox("stack-trace556529265", this, "Click to show all stack frames", "Click to hide stack frames")'>Click to show all stack frames</a>
<div class='stack-trace' id='stack-trace556529265'><pre>org.testng.SkipException: SQL connection refused and therefore all tests are skipped
	at CTD_Unprocessed_Events_Endpoint.Tombstone_cms_client_names.jdbc(Tombstone_cms_client_names.java:48)
	at sun.reflect.NativeMethodAccessorImpl.invoke0(Native Method)
	at sun.reflect.NativeMethodAccessorImpl.invoke(Unknown Source)
	at sun.reflect.DelegatingMethodAccessorImpl.invoke(Unknown Source)
	at java.lang.reflect.Method.invoke(Unknown Source)
	at org.testng.internal.MethodInvocationHelper.invokeMethod(MethodInvocationHelper.java:124)
	at org.testng.internal.MethodInvocationHelper.invokeMethodConsideringTimeout(MethodInvocationHelper.java:59)
	at org.testng.internal.Invoker.invokeConfigurationMethod(Invoker.java:458)
	at org.testng.internal.Invoker.invokeConfigurations(Invoker.java:222)
	at org.testng.internal.Invoker.invokeConfigurations(Invoker.java:142)
	at org.testng.internal.TestMethodWorker.invokeBeforeClassMethods(TestMethodWorker.java:168)
	at org.testng.internal.TestMethodWorker.run(TestMethodWorker.java:105)
	at org.testng.TestRunner.privateRun(TestRunner.java:648)
	at org.testng.TestRunner.run(TestRunner.java:505)
	at org.testng.SuiteRunner.runTest(SuiteRunner.java:455)
	at org.testng.SuiteRunner.runSequentially(SuiteRunner.java:450)
	at org.testng.SuiteRunner.privateRun(SuiteRunner.java:415)
	at org.testng.SuiteRunner.run(SuiteRunner.java:364)
	at org.testng.SuiteRunnerWorker.runSuite(SuiteRunnerWorker.java:52)
	at org.testng.SuiteRunnerWorker.run(SuiteRunnerWorker.java:84)
	at org.testng.TestNG.runSuitesSequentially(TestNG.java:1208)
	at org.testng.TestNG.runSuitesLocally(TestNG.java:1137)
	at org.testng.TestNG.runSuites(TestNG.java:1049)
	at org.testng.TestNG.run(TestNG.java:1017)
	at org.testng.remote.AbstractRemoteTestNG.run(AbstractRemoteTestNG.java:115)
	at org.testng.remote.RemoteTestNG.initAndRun(RemoteTestNG.java:251)
	at org.testng.remote.RemoteTestNG.main(RemoteTestNG.java:77)
=======
<td><div><pre>org.testng.SkipException: SQL connection refused and therefore all tests are skipped
	at CTD_Unprocessed_Events_Endpoint.Tombstone_cms_client_names.jdbc(Tombstone_cms_client_names.java:48)
... Removed 26 stack frames</pre></div><a href='#' onClick='toggleBox("stack-trace556529265", this, "Click to show all stack frames", "Click to hide stack frames")'>Click to show all stack frames</a>
<div class='stack-trace' id='stack-trace556529265'><pre>org.testng.SkipException: SQL connection refused and therefore all tests are skipped
	at CTD_Unprocessed_Events_Endpoint.Tombstone_cms_client_names.jdbc(Tombstone_cms_client_names.java:48)
	at sun.reflect.NativeMethodAccessorImpl.invoke0(Native Method)
	at sun.reflect.NativeMethodAccessorImpl.invoke(Unknown Source)
	at sun.reflect.DelegatingMethodAccessorImpl.invoke(Unknown Source)
	at java.lang.reflect.Method.invoke(Unknown Source)
	at org.testng.internal.MethodInvocationHelper.invokeMethod(MethodInvocationHelper.java:124)
	at org.testng.internal.MethodInvocationHelper.invokeMethodConsideringTimeout(MethodInvocationHelper.java:59)
	at org.testng.internal.Invoker.invokeConfigurationMethod(Invoker.java:458)
	at org.testng.internal.Invoker.invokeConfigurations(Invoker.java:222)
	at org.testng.internal.Invoker.invokeConfigurations(Invoker.java:142)
	at org.testng.internal.TestMethodWorker.invokeBeforeClassMethods(TestMethodWorker.java:168)
	at org.testng.internal.TestMethodWorker.run(TestMethodWorker.java:105)
	at org.testng.TestRunner.privateRun(TestRunner.java:648)
	at org.testng.TestRunner.run(TestRunner.java:505)
	at org.testng.SuiteRunner.runTest(SuiteRunner.java:455)
	at org.testng.SuiteRunner.runSequentially(SuiteRunner.java:450)
	at org.testng.SuiteRunner.privateRun(SuiteRunner.java:415)
	at org.testng.SuiteRunner.run(SuiteRunner.java:364)
	at org.testng.SuiteRunnerWorker.runSuite(SuiteRunnerWorker.java:52)
	at org.testng.SuiteRunnerWorker.run(SuiteRunnerWorker.java:84)
	at org.testng.TestNG.runSuitesSequentially(TestNG.java:1208)
	at org.testng.TestNG.runSuitesLocally(TestNG.java:1137)
	at org.testng.TestNG.runSuites(TestNG.java:1049)
	at org.testng.TestNG.run(TestNG.java:1017)
	at org.testng.remote.AbstractRemoteTestNG.run(AbstractRemoteTestNG.java:115)
	at org.testng.remote.RemoteTestNG.initAndRun(RemoteTestNG.java:251)
	at org.testng.remote.RemoteTestNG.main(RemoteTestNG.java:77)
>>>>>>> Sync with Master
</pre></div></td>
<td>0</td>
<td>CTD_Unprocessed_Events_Endpoint.Tombstone_cms_client_names@cb644e</td></tr>
<tr>
<td title='CTD_Unprocessed_Events_Endpoint.Tombstone_cms_clients.jdbc()'><b>jdbc</b><br>Test class: CTD_Unprocessed_Events_Endpoint.Tombstone_cms_clients</td>
<<<<<<< master
<td><div><pre>org.testng.SkipException: SQL connection refused and therefore all tests are skipped
	at CTD_Unprocessed_Events_Endpoint.Tombstone_cms_clients.jdbc(Tombstone_cms_clients.java:43)
... Removed 26 stack frames</pre></div><a href='#' onClick='toggleBox("stack-trace1627857534", this, "Click to show all stack frames", "Click to hide stack frames")'>Click to show all stack frames</a>
<div class='stack-trace' id='stack-trace1627857534'><pre>org.testng.SkipException: SQL connection refused and therefore all tests are skipped
	at CTD_Unprocessed_Events_Endpoint.Tombstone_cms_clients.jdbc(Tombstone_cms_clients.java:43)
	at sun.reflect.NativeMethodAccessorImpl.invoke0(Native Method)
	at sun.reflect.NativeMethodAccessorImpl.invoke(Unknown Source)
	at sun.reflect.DelegatingMethodAccessorImpl.invoke(Unknown Source)
	at java.lang.reflect.Method.invoke(Unknown Source)
	at org.testng.internal.MethodInvocationHelper.invokeMethod(MethodInvocationHelper.java:124)
	at org.testng.internal.MethodInvocationHelper.invokeMethodConsideringTimeout(MethodInvocationHelper.java:59)
	at org.testng.internal.Invoker.invokeConfigurationMethod(Invoker.java:458)
	at org.testng.internal.Invoker.invokeConfigurations(Invoker.java:222)
	at org.testng.internal.Invoker.invokeConfigurations(Invoker.java:142)
	at org.testng.internal.TestMethodWorker.invokeBeforeClassMethods(TestMethodWorker.java:168)
	at org.testng.internal.TestMethodWorker.run(TestMethodWorker.java:105)
	at org.testng.TestRunner.privateRun(TestRunner.java:648)
	at org.testng.TestRunner.run(TestRunner.java:505)
	at org.testng.SuiteRunner.runTest(SuiteRunner.java:455)
	at org.testng.SuiteRunner.runSequentially(SuiteRunner.java:450)
	at org.testng.SuiteRunner.privateRun(SuiteRunner.java:415)
	at org.testng.SuiteRunner.run(SuiteRunner.java:364)
	at org.testng.SuiteRunnerWorker.runSuite(SuiteRunnerWorker.java:52)
	at org.testng.SuiteRunnerWorker.run(SuiteRunnerWorker.java:84)
	at org.testng.TestNG.runSuitesSequentially(TestNG.java:1208)
	at org.testng.TestNG.runSuitesLocally(TestNG.java:1137)
	at org.testng.TestNG.runSuites(TestNG.java:1049)
	at org.testng.TestNG.run(TestNG.java:1017)
	at org.testng.remote.AbstractRemoteTestNG.run(AbstractRemoteTestNG.java:115)
	at org.testng.remote.RemoteTestNG.initAndRun(RemoteTestNG.java:251)
	at org.testng.remote.RemoteTestNG.main(RemoteTestNG.java:77)
=======
<td><div><pre>org.testng.SkipException: SQL connection refused and therefore all tests are skipped
	at CTD_Unprocessed_Events_Endpoint.Tombstone_cms_clients.jdbc(Tombstone_cms_clients.java:43)
... Removed 26 stack frames</pre></div><a href='#' onClick='toggleBox("stack-trace1627857534", this, "Click to show all stack frames", "Click to hide stack frames")'>Click to show all stack frames</a>
<div class='stack-trace' id='stack-trace1627857534'><pre>org.testng.SkipException: SQL connection refused and therefore all tests are skipped
	at CTD_Unprocessed_Events_Endpoint.Tombstone_cms_clients.jdbc(Tombstone_cms_clients.java:43)
	at sun.reflect.NativeMethodAccessorImpl.invoke0(Native Method)
	at sun.reflect.NativeMethodAccessorImpl.invoke(Unknown Source)
	at sun.reflect.DelegatingMethodAccessorImpl.invoke(Unknown Source)
	at java.lang.reflect.Method.invoke(Unknown Source)
	at org.testng.internal.MethodInvocationHelper.invokeMethod(MethodInvocationHelper.java:124)
	at org.testng.internal.MethodInvocationHelper.invokeMethodConsideringTimeout(MethodInvocationHelper.java:59)
	at org.testng.internal.Invoker.invokeConfigurationMethod(Invoker.java:458)
	at org.testng.internal.Invoker.invokeConfigurations(Invoker.java:222)
	at org.testng.internal.Invoker.invokeConfigurations(Invoker.java:142)
	at org.testng.internal.TestMethodWorker.invokeBeforeClassMethods(TestMethodWorker.java:168)
	at org.testng.internal.TestMethodWorker.run(TestMethodWorker.java:105)
	at org.testng.TestRunner.privateRun(TestRunner.java:648)
	at org.testng.TestRunner.run(TestRunner.java:505)
	at org.testng.SuiteRunner.runTest(SuiteRunner.java:455)
	at org.testng.SuiteRunner.runSequentially(SuiteRunner.java:450)
	at org.testng.SuiteRunner.privateRun(SuiteRunner.java:415)
	at org.testng.SuiteRunner.run(SuiteRunner.java:364)
	at org.testng.SuiteRunnerWorker.runSuite(SuiteRunnerWorker.java:52)
	at org.testng.SuiteRunnerWorker.run(SuiteRunnerWorker.java:84)
	at org.testng.TestNG.runSuitesSequentially(TestNG.java:1208)
	at org.testng.TestNG.runSuitesLocally(TestNG.java:1137)
	at org.testng.TestNG.runSuites(TestNG.java:1049)
	at org.testng.TestNG.run(TestNG.java:1017)
	at org.testng.remote.AbstractRemoteTestNG.run(AbstractRemoteTestNG.java:115)
	at org.testng.remote.RemoteTestNG.initAndRun(RemoteTestNG.java:251)
	at org.testng.remote.RemoteTestNG.main(RemoteTestNG.java:77)
>>>>>>> Sync with Master
</pre></div></td>
<td>0</td>
<td>CTD_Unprocessed_Events_Endpoint.Tombstone_cms_clients@13805618</td></tr>
<tr>
<td title='CTD_Unprocessed_Events_Endpoint.Tombstone_cms_personal_chars.jdbc()'><b>jdbc</b><br>Test class: CTD_Unprocessed_Events_Endpoint.Tombstone_cms_personal_chars</td>
<<<<<<< master
<td><div><pre>org.testng.SkipException: SQL connection refused and therefore all tests are skipped
	at CTD_Unprocessed_Events_Endpoint.Tombstone_cms_personal_chars.jdbc(Tombstone_cms_personal_chars.java:45)
... Removed 26 stack frames</pre></div><a href='#' onClick='toggleBox("stack-trace2143431083", this, "Click to show all stack frames", "Click to hide stack frames")'>Click to show all stack frames</a>
<div class='stack-trace' id='stack-trace2143431083'><pre>org.testng.SkipException: SQL connection refused and therefore all tests are skipped
	at CTD_Unprocessed_Events_Endpoint.Tombstone_cms_personal_chars.jdbc(Tombstone_cms_personal_chars.java:45)
	at sun.reflect.NativeMethodAccessorImpl.invoke0(Native Method)
	at sun.reflect.NativeMethodAccessorImpl.invoke(Unknown Source)
	at sun.reflect.DelegatingMethodAccessorImpl.invoke(Unknown Source)
	at java.lang.reflect.Method.invoke(Unknown Source)
	at org.testng.internal.MethodInvocationHelper.invokeMethod(MethodInvocationHelper.java:124)
	at org.testng.internal.MethodInvocationHelper.invokeMethodConsideringTimeout(MethodInvocationHelper.java:59)
	at org.testng.internal.Invoker.invokeConfigurationMethod(Invoker.java:458)
	at org.testng.internal.Invoker.invokeConfigurations(Invoker.java:222)
	at org.testng.internal.Invoker.invokeConfigurations(Invoker.java:142)
	at org.testng.internal.TestMethodWorker.invokeBeforeClassMethods(TestMethodWorker.java:168)
	at org.testng.internal.TestMethodWorker.run(TestMethodWorker.java:105)
	at org.testng.TestRunner.privateRun(TestRunner.java:648)
	at org.testng.TestRunner.run(TestRunner.java:505)
	at org.testng.SuiteRunner.runTest(SuiteRunner.java:455)
	at org.testng.SuiteRunner.runSequentially(SuiteRunner.java:450)
	at org.testng.SuiteRunner.privateRun(SuiteRunner.java:415)
	at org.testng.SuiteRunner.run(SuiteRunner.java:364)
	at org.testng.SuiteRunnerWorker.runSuite(SuiteRunnerWorker.java:52)
	at org.testng.SuiteRunnerWorker.run(SuiteRunnerWorker.java:84)
	at org.testng.TestNG.runSuitesSequentially(TestNG.java:1208)
	at org.testng.TestNG.runSuitesLocally(TestNG.java:1137)
	at org.testng.TestNG.runSuites(TestNG.java:1049)
	at org.testng.TestNG.run(TestNG.java:1017)
	at org.testng.remote.AbstractRemoteTestNG.run(AbstractRemoteTestNG.java:115)
	at org.testng.remote.RemoteTestNG.initAndRun(RemoteTestNG.java:251)
	at org.testng.remote.RemoteTestNG.main(RemoteTestNG.java:77)
=======
<td><div><pre>org.testng.SkipException: SQL connection refused and therefore all tests are skipped
	at CTD_Unprocessed_Events_Endpoint.Tombstone_cms_personal_chars.jdbc(Tombstone_cms_personal_chars.java:45)
... Removed 26 stack frames</pre></div><a href='#' onClick='toggleBox("stack-trace2143431083", this, "Click to show all stack frames", "Click to hide stack frames")'>Click to show all stack frames</a>
<div class='stack-trace' id='stack-trace2143431083'><pre>org.testng.SkipException: SQL connection refused and therefore all tests are skipped
	at CTD_Unprocessed_Events_Endpoint.Tombstone_cms_personal_chars.jdbc(Tombstone_cms_personal_chars.java:45)
	at sun.reflect.NativeMethodAccessorImpl.invoke0(Native Method)
	at sun.reflect.NativeMethodAccessorImpl.invoke(Unknown Source)
	at sun.reflect.DelegatingMethodAccessorImpl.invoke(Unknown Source)
	at java.lang.reflect.Method.invoke(Unknown Source)
	at org.testng.internal.MethodInvocationHelper.invokeMethod(MethodInvocationHelper.java:124)
	at org.testng.internal.MethodInvocationHelper.invokeMethodConsideringTimeout(MethodInvocationHelper.java:59)
	at org.testng.internal.Invoker.invokeConfigurationMethod(Invoker.java:458)
	at org.testng.internal.Invoker.invokeConfigurations(Invoker.java:222)
	at org.testng.internal.Invoker.invokeConfigurations(Invoker.java:142)
	at org.testng.internal.TestMethodWorker.invokeBeforeClassMethods(TestMethodWorker.java:168)
	at org.testng.internal.TestMethodWorker.run(TestMethodWorker.java:105)
	at org.testng.TestRunner.privateRun(TestRunner.java:648)
	at org.testng.TestRunner.run(TestRunner.java:505)
	at org.testng.SuiteRunner.runTest(SuiteRunner.java:455)
	at org.testng.SuiteRunner.runSequentially(SuiteRunner.java:450)
	at org.testng.SuiteRunner.privateRun(SuiteRunner.java:415)
	at org.testng.SuiteRunner.run(SuiteRunner.java:364)
	at org.testng.SuiteRunnerWorker.runSuite(SuiteRunnerWorker.java:52)
	at org.testng.SuiteRunnerWorker.run(SuiteRunnerWorker.java:84)
	at org.testng.TestNG.runSuitesSequentially(TestNG.java:1208)
	at org.testng.TestNG.runSuitesLocally(TestNG.java:1137)
	at org.testng.TestNG.runSuites(TestNG.java:1049)
	at org.testng.TestNG.run(TestNG.java:1017)
	at org.testng.remote.AbstractRemoteTestNG.run(AbstractRemoteTestNG.java:115)
	at org.testng.remote.RemoteTestNG.initAndRun(RemoteTestNG.java:251)
	at org.testng.remote.RemoteTestNG.main(RemoteTestNG.java:77)
>>>>>>> Sync with Master
</pre></div></td>
<td>0</td>
<td>CTD_Unprocessed_Events_Endpoint.Tombstone_cms_personal_chars@56ef9176</td></tr>
<tr>
<td title='CTD_Unprocessed_Events_Endpoint.Disciplinary_Charge.jdbc()'><b>jdbc</b><br>Test class: CTD_Unprocessed_Events_Endpoint.Disciplinary_Charge</td>
<<<<<<< master
<td><div><pre>org.testng.SkipException: SQL connection refused and therefore all tests are skipped
	at CTD_Unprocessed_Events_Endpoint.Disciplinary_Charge.jdbc(Disciplinary_Charge.java:44)
... Removed 26 stack frames</pre></div><a href='#' onClick='toggleBox("stack-trace2124643775", this, "Click to show all stack frames", "Click to hide stack frames")'>Click to show all stack frames</a>
<div class='stack-trace' id='stack-trace2124643775'><pre>org.testng.SkipException: SQL connection refused and therefore all tests are skipped
	at CTD_Unprocessed_Events_Endpoint.Disciplinary_Charge.jdbc(Disciplinary_Charge.java:44)
	at sun.reflect.NativeMethodAccessorImpl.invoke0(Native Method)
	at sun.reflect.NativeMethodAccessorImpl.invoke(Unknown Source)
	at sun.reflect.DelegatingMethodAccessorImpl.invoke(Unknown Source)
	at java.lang.reflect.Method.invoke(Unknown Source)
	at org.testng.internal.MethodInvocationHelper.invokeMethod(MethodInvocationHelper.java:124)
	at org.testng.internal.MethodInvocationHelper.invokeMethodConsideringTimeout(MethodInvocationHelper.java:59)
	at org.testng.internal.Invoker.invokeConfigurationMethod(Invoker.java:458)
	at org.testng.internal.Invoker.invokeConfigurations(Invoker.java:222)
	at org.testng.internal.Invoker.invokeConfigurations(Invoker.java:142)
	at org.testng.internal.TestMethodWorker.invokeBeforeClassMethods(TestMethodWorker.java:168)
	at org.testng.internal.TestMethodWorker.run(TestMethodWorker.java:105)
	at org.testng.TestRunner.privateRun(TestRunner.java:648)
	at org.testng.TestRunner.run(TestRunner.java:505)
	at org.testng.SuiteRunner.runTest(SuiteRunner.java:455)
	at org.testng.SuiteRunner.runSequentially(SuiteRunner.java:450)
	at org.testng.SuiteRunner.privateRun(SuiteRunner.java:415)
	at org.testng.SuiteRunner.run(SuiteRunner.java:364)
	at org.testng.SuiteRunnerWorker.runSuite(SuiteRunnerWorker.java:52)
	at org.testng.SuiteRunnerWorker.run(SuiteRunnerWorker.java:84)
	at org.testng.TestNG.runSuitesSequentially(TestNG.java:1208)
	at org.testng.TestNG.runSuitesLocally(TestNG.java:1137)
	at org.testng.TestNG.runSuites(TestNG.java:1049)
	at org.testng.TestNG.run(TestNG.java:1017)
	at org.testng.remote.AbstractRemoteTestNG.run(AbstractRemoteTestNG.java:115)
	at org.testng.remote.RemoteTestNG.initAndRun(RemoteTestNG.java:251)
	at org.testng.remote.RemoteTestNG.main(RemoteTestNG.java:77)
=======
<td><div><pre>org.testng.SkipException: SQL connection refused and therefore all tests are skipped
	at CTD_Unprocessed_Events_Endpoint.Disciplinary_Charge.jdbc(Disciplinary_Charge.java:44)
... Removed 26 stack frames</pre></div><a href='#' onClick='toggleBox("stack-trace2124643775", this, "Click to show all stack frames", "Click to hide stack frames")'>Click to show all stack frames</a>
<div class='stack-trace' id='stack-trace2124643775'><pre>org.testng.SkipException: SQL connection refused and therefore all tests are skipped
	at CTD_Unprocessed_Events_Endpoint.Disciplinary_Charge.jdbc(Disciplinary_Charge.java:44)
	at sun.reflect.NativeMethodAccessorImpl.invoke0(Native Method)
	at sun.reflect.NativeMethodAccessorImpl.invoke(Unknown Source)
	at sun.reflect.DelegatingMethodAccessorImpl.invoke(Unknown Source)
	at java.lang.reflect.Method.invoke(Unknown Source)
	at org.testng.internal.MethodInvocationHelper.invokeMethod(MethodInvocationHelper.java:124)
	at org.testng.internal.MethodInvocationHelper.invokeMethodConsideringTimeout(MethodInvocationHelper.java:59)
	at org.testng.internal.Invoker.invokeConfigurationMethod(Invoker.java:458)
	at org.testng.internal.Invoker.invokeConfigurations(Invoker.java:222)
	at org.testng.internal.Invoker.invokeConfigurations(Invoker.java:142)
	at org.testng.internal.TestMethodWorker.invokeBeforeClassMethods(TestMethodWorker.java:168)
	at org.testng.internal.TestMethodWorker.run(TestMethodWorker.java:105)
	at org.testng.TestRunner.privateRun(TestRunner.java:648)
	at org.testng.TestRunner.run(TestRunner.java:505)
	at org.testng.SuiteRunner.runTest(SuiteRunner.java:455)
	at org.testng.SuiteRunner.runSequentially(SuiteRunner.java:450)
	at org.testng.SuiteRunner.privateRun(SuiteRunner.java:415)
	at org.testng.SuiteRunner.run(SuiteRunner.java:364)
	at org.testng.SuiteRunnerWorker.runSuite(SuiteRunnerWorker.java:52)
	at org.testng.SuiteRunnerWorker.run(SuiteRunnerWorker.java:84)
	at org.testng.TestNG.runSuitesSequentially(TestNG.java:1208)
	at org.testng.TestNG.runSuitesLocally(TestNG.java:1137)
	at org.testng.TestNG.runSuites(TestNG.java:1049)
	at org.testng.TestNG.run(TestNG.java:1017)
	at org.testng.remote.AbstractRemoteTestNG.run(AbstractRemoteTestNG.java:115)
	at org.testng.remote.RemoteTestNG.initAndRun(RemoteTestNG.java:251)
	at org.testng.remote.RemoteTestNG.main(RemoteTestNG.java:77)
>>>>>>> Sync with Master
</pre></div></td>
<td>0</td>
<td>CTD_Unprocessed_Events_Endpoint.Disciplinary_Charge@4566e5bd</td></tr>
<tr>
<td title='CTD_Unprocessed_Events_Endpoint.TransferReason.jdbc()'><b>jdbc</b><br>Test class: CTD_Unprocessed_Events_Endpoint.TransferReason</td>
<<<<<<< master
<td><div><pre>org.testng.SkipException: SQL connection refused and therefore all tests are skipped
	at CTD_Unprocessed_Events_Endpoint.TransferReason.jdbc(TransferReason.java:41)
... Removed 26 stack frames</pre></div><a href='#' onClick='toggleBox("stack-trace502800944", this, "Click to show all stack frames", "Click to hide stack frames")'>Click to show all stack frames</a>
<div class='stack-trace' id='stack-trace502800944'><pre>org.testng.SkipException: SQL connection refused and therefore all tests are skipped
	at CTD_Unprocessed_Events_Endpoint.TransferReason.jdbc(TransferReason.java:41)
	at sun.reflect.NativeMethodAccessorImpl.invoke0(Native Method)
	at sun.reflect.NativeMethodAccessorImpl.invoke(Unknown Source)
	at sun.reflect.DelegatingMethodAccessorImpl.invoke(Unknown Source)
	at java.lang.reflect.Method.invoke(Unknown Source)
	at org.testng.internal.MethodInvocationHelper.invokeMethod(MethodInvocationHelper.java:124)
	at org.testng.internal.MethodInvocationHelper.invokeMethodConsideringTimeout(MethodInvocationHelper.java:59)
	at org.testng.internal.Invoker.invokeConfigurationMethod(Invoker.java:458)
	at org.testng.internal.Invoker.invokeConfigurations(Invoker.java:222)
	at org.testng.internal.Invoker.invokeConfigurations(Invoker.java:142)
	at org.testng.internal.TestMethodWorker.invokeBeforeClassMethods(TestMethodWorker.java:168)
	at org.testng.internal.TestMethodWorker.run(TestMethodWorker.java:105)
	at org.testng.TestRunner.privateRun(TestRunner.java:648)
	at org.testng.TestRunner.run(TestRunner.java:505)
	at org.testng.SuiteRunner.runTest(SuiteRunner.java:455)
	at org.testng.SuiteRunner.runSequentially(SuiteRunner.java:450)
	at org.testng.SuiteRunner.privateRun(SuiteRunner.java:415)
	at org.testng.SuiteRunner.run(SuiteRunner.java:364)
	at org.testng.SuiteRunnerWorker.runSuite(SuiteRunnerWorker.java:52)
	at org.testng.SuiteRunnerWorker.run(SuiteRunnerWorker.java:84)
	at org.testng.TestNG.runSuitesSequentially(TestNG.java:1208)
	at org.testng.TestNG.runSuitesLocally(TestNG.java:1137)
	at org.testng.TestNG.runSuites(TestNG.java:1049)
	at org.testng.TestNG.run(TestNG.java:1017)
	at org.testng.remote.AbstractRemoteTestNG.run(AbstractRemoteTestNG.java:115)
	at org.testng.remote.RemoteTestNG.initAndRun(RemoteTestNG.java:251)
	at org.testng.remote.RemoteTestNG.main(RemoteTestNG.java:77)
=======
<td><div><pre>org.testng.SkipException: SQL connection refused and therefore all tests are skipped
	at CTD_Unprocessed_Events_Endpoint.TransferReason.jdbc(TransferReason.java:41)
... Removed 26 stack frames</pre></div><a href='#' onClick='toggleBox("stack-trace502800944", this, "Click to show all stack frames", "Click to hide stack frames")'>Click to show all stack frames</a>
<div class='stack-trace' id='stack-trace502800944'><pre>org.testng.SkipException: SQL connection refused and therefore all tests are skipped
	at CTD_Unprocessed_Events_Endpoint.TransferReason.jdbc(TransferReason.java:41)
	at sun.reflect.NativeMethodAccessorImpl.invoke0(Native Method)
	at sun.reflect.NativeMethodAccessorImpl.invoke(Unknown Source)
	at sun.reflect.DelegatingMethodAccessorImpl.invoke(Unknown Source)
	at java.lang.reflect.Method.invoke(Unknown Source)
	at org.testng.internal.MethodInvocationHelper.invokeMethod(MethodInvocationHelper.java:124)
	at org.testng.internal.MethodInvocationHelper.invokeMethodConsideringTimeout(MethodInvocationHelper.java:59)
	at org.testng.internal.Invoker.invokeConfigurationMethod(Invoker.java:458)
	at org.testng.internal.Invoker.invokeConfigurations(Invoker.java:222)
	at org.testng.internal.Invoker.invokeConfigurations(Invoker.java:142)
	at org.testng.internal.TestMethodWorker.invokeBeforeClassMethods(TestMethodWorker.java:168)
	at org.testng.internal.TestMethodWorker.run(TestMethodWorker.java:105)
	at org.testng.TestRunner.privateRun(TestRunner.java:648)
	at org.testng.TestRunner.run(TestRunner.java:505)
	at org.testng.SuiteRunner.runTest(SuiteRunner.java:455)
	at org.testng.SuiteRunner.runSequentially(SuiteRunner.java:450)
	at org.testng.SuiteRunner.privateRun(SuiteRunner.java:415)
	at org.testng.SuiteRunner.run(SuiteRunner.java:364)
	at org.testng.SuiteRunnerWorker.runSuite(SuiteRunnerWorker.java:52)
	at org.testng.SuiteRunnerWorker.run(SuiteRunnerWorker.java:84)
	at org.testng.TestNG.runSuitesSequentially(TestNG.java:1208)
	at org.testng.TestNG.runSuitesLocally(TestNG.java:1137)
	at org.testng.TestNG.runSuites(TestNG.java:1049)
	at org.testng.TestNG.run(TestNG.java:1017)
	at org.testng.remote.AbstractRemoteTestNG.run(AbstractRemoteTestNG.java:115)
	at org.testng.remote.RemoteTestNG.initAndRun(RemoteTestNG.java:251)
	at org.testng.remote.RemoteTestNG.main(RemoteTestNG.java:77)
>>>>>>> Sync with Master
</pre></div></td>
<td>0</td>
<td>CTD_Unprocessed_Events_Endpoint.TransferReason@1ed4004b</td></tr>
<tr>
<td title='CTD_Unprocessed_Events_Endpoint.act_event.jdbc()'><b>jdbc</b><br>Test class: CTD_Unprocessed_Events_Endpoint.act_event</td>
<<<<<<< master
<td><div><pre>org.testng.SkipException: SQL connection refused and therefore all tests are skipped
	at CTD_Unprocessed_Events_Endpoint.act_event.jdbc(act_event.java:45)
... Removed 26 stack frames</pre></div><a href='#' onClick='toggleBox("stack-trace1653844940", this, "Click to show all stack frames", "Click to hide stack frames")'>Click to show all stack frames</a>
<div class='stack-trace' id='stack-trace1653844940'><pre>org.testng.SkipException: SQL connection refused and therefore all tests are skipped
	at CTD_Unprocessed_Events_Endpoint.act_event.jdbc(act_event.java:45)
	at sun.reflect.NativeMethodAccessorImpl.invoke0(Native Method)
	at sun.reflect.NativeMethodAccessorImpl.invoke(Unknown Source)
	at sun.reflect.DelegatingMethodAccessorImpl.invoke(Unknown Source)
	at java.lang.reflect.Method.invoke(Unknown Source)
	at org.testng.internal.MethodInvocationHelper.invokeMethod(MethodInvocationHelper.java:124)
	at org.testng.internal.MethodInvocationHelper.invokeMethodConsideringTimeout(MethodInvocationHelper.java:59)
	at org.testng.internal.Invoker.invokeConfigurationMethod(Invoker.java:458)
	at org.testng.internal.Invoker.invokeConfigurations(Invoker.java:222)
	at org.testng.internal.Invoker.invokeConfigurations(Invoker.java:142)
	at org.testng.internal.TestMethodWorker.invokeBeforeClassMethods(TestMethodWorker.java:168)
	at org.testng.internal.TestMethodWorker.run(TestMethodWorker.java:105)
	at org.testng.TestRunner.privateRun(TestRunner.java:648)
	at org.testng.TestRunner.run(TestRunner.java:505)
	at org.testng.SuiteRunner.runTest(SuiteRunner.java:455)
	at org.testng.SuiteRunner.runSequentially(SuiteRunner.java:450)
	at org.testng.SuiteRunner.privateRun(SuiteRunner.java:415)
	at org.testng.SuiteRunner.run(SuiteRunner.java:364)
	at org.testng.SuiteRunnerWorker.runSuite(SuiteRunnerWorker.java:52)
	at org.testng.SuiteRunnerWorker.run(SuiteRunnerWorker.java:84)
	at org.testng.TestNG.runSuitesSequentially(TestNG.java:1208)
	at org.testng.TestNG.runSuitesLocally(TestNG.java:1137)
	at org.testng.TestNG.runSuites(TestNG.java:1049)
	at org.testng.TestNG.run(TestNG.java:1017)
	at org.testng.remote.AbstractRemoteTestNG.run(AbstractRemoteTestNG.java:115)
	at org.testng.remote.RemoteTestNG.initAndRun(RemoteTestNG.java:251)
	at org.testng.remote.RemoteTestNG.main(RemoteTestNG.java:77)
=======
<td><div><pre>org.testng.SkipException: SQL connection refused and therefore all tests are skipped
	at CTD_Unprocessed_Events_Endpoint.act_event.jdbc(act_event.java:45)
... Removed 26 stack frames</pre></div><a href='#' onClick='toggleBox("stack-trace1653844940", this, "Click to show all stack frames", "Click to hide stack frames")'>Click to show all stack frames</a>
<div class='stack-trace' id='stack-trace1653844940'><pre>org.testng.SkipException: SQL connection refused and therefore all tests are skipped
	at CTD_Unprocessed_Events_Endpoint.act_event.jdbc(act_event.java:45)
	at sun.reflect.NativeMethodAccessorImpl.invoke0(Native Method)
	at sun.reflect.NativeMethodAccessorImpl.invoke(Unknown Source)
	at sun.reflect.DelegatingMethodAccessorImpl.invoke(Unknown Source)
	at java.lang.reflect.Method.invoke(Unknown Source)
	at org.testng.internal.MethodInvocationHelper.invokeMethod(MethodInvocationHelper.java:124)
	at org.testng.internal.MethodInvocationHelper.invokeMethodConsideringTimeout(MethodInvocationHelper.java:59)
	at org.testng.internal.Invoker.invokeConfigurationMethod(Invoker.java:458)
	at org.testng.internal.Invoker.invokeConfigurations(Invoker.java:222)
	at org.testng.internal.Invoker.invokeConfigurations(Invoker.java:142)
	at org.testng.internal.TestMethodWorker.invokeBeforeClassMethods(TestMethodWorker.java:168)
	at org.testng.internal.TestMethodWorker.run(TestMethodWorker.java:105)
	at org.testng.TestRunner.privateRun(TestRunner.java:648)
	at org.testng.TestRunner.run(TestRunner.java:505)
	at org.testng.SuiteRunner.runTest(SuiteRunner.java:455)
	at org.testng.SuiteRunner.runSequentially(SuiteRunner.java:450)
	at org.testng.SuiteRunner.privateRun(SuiteRunner.java:415)
	at org.testng.SuiteRunner.run(SuiteRunner.java:364)
	at org.testng.SuiteRunnerWorker.runSuite(SuiteRunnerWorker.java:52)
	at org.testng.SuiteRunnerWorker.run(SuiteRunnerWorker.java:84)
	at org.testng.TestNG.runSuitesSequentially(TestNG.java:1208)
	at org.testng.TestNG.runSuitesLocally(TestNG.java:1137)
	at org.testng.TestNG.runSuites(TestNG.java:1049)
	at org.testng.TestNG.run(TestNG.java:1017)
	at org.testng.remote.AbstractRemoteTestNG.run(AbstractRemoteTestNG.java:115)
	at org.testng.remote.RemoteTestNG.initAndRun(RemoteTestNG.java:251)
	at org.testng.remote.RemoteTestNG.main(RemoteTestNG.java:77)
>>>>>>> Sync with Master
</pre></div></td>
<td>0</td>
<td>CTD_Unprocessed_Events_Endpoint.act_event@ff5b51f</td></tr>
<tr>
<td title='CTD_Unprocessed_Events_Endpoint.Disciplinary_charge_regulation.jdbc()'><b>jdbc</b><br>Test class: CTD_Unprocessed_Events_Endpoint.Disciplinary_charge_regulation</td>
<<<<<<< master
<td><div><pre>org.testng.SkipException: SQL connection refused and therefore all tests are skipped
	at CTD_Unprocessed_Events_Endpoint.Disciplinary_charge_regulation.jdbc(Disciplinary_charge_regulation.java:44)
... Removed 26 stack frames</pre></div><a href='#' onClick='toggleBox("stack-trace557023567", this, "Click to show all stack frames", "Click to hide stack frames")'>Click to show all stack frames</a>
<div class='stack-trace' id='stack-trace557023567'><pre>org.testng.SkipException: SQL connection refused and therefore all tests are skipped
	at CTD_Unprocessed_Events_Endpoint.Disciplinary_charge_regulation.jdbc(Disciplinary_charge_regulation.java:44)
	at sun.reflect.NativeMethodAccessorImpl.invoke0(Native Method)
	at sun.reflect.NativeMethodAccessorImpl.invoke(Unknown Source)
	at sun.reflect.DelegatingMethodAccessorImpl.invoke(Unknown Source)
	at java.lang.reflect.Method.invoke(Unknown Source)
	at org.testng.internal.MethodInvocationHelper.invokeMethod(MethodInvocationHelper.java:124)
	at org.testng.internal.MethodInvocationHelper.invokeMethodConsideringTimeout(MethodInvocationHelper.java:59)
	at org.testng.internal.Invoker.invokeConfigurationMethod(Invoker.java:458)
	at org.testng.internal.Invoker.invokeConfigurations(Invoker.java:222)
	at org.testng.internal.Invoker.invokeConfigurations(Invoker.java:142)
	at org.testng.internal.TestMethodWorker.invokeBeforeClassMethods(TestMethodWorker.java:168)
	at org.testng.internal.TestMethodWorker.run(TestMethodWorker.java:105)
	at org.testng.TestRunner.privateRun(TestRunner.java:648)
	at org.testng.TestRunner.run(TestRunner.java:505)
	at org.testng.SuiteRunner.runTest(SuiteRunner.java:455)
	at org.testng.SuiteRunner.runSequentially(SuiteRunner.java:450)
	at org.testng.SuiteRunner.privateRun(SuiteRunner.java:415)
	at org.testng.SuiteRunner.run(SuiteRunner.java:364)
	at org.testng.SuiteRunnerWorker.runSuite(SuiteRunnerWorker.java:52)
	at org.testng.SuiteRunnerWorker.run(SuiteRunnerWorker.java:84)
	at org.testng.TestNG.runSuitesSequentially(TestNG.java:1208)
	at org.testng.TestNG.runSuitesLocally(TestNG.java:1137)
	at org.testng.TestNG.runSuites(TestNG.java:1049)
	at org.testng.TestNG.run(TestNG.java:1017)
	at org.testng.remote.AbstractRemoteTestNG.run(AbstractRemoteTestNG.java:115)
	at org.testng.remote.RemoteTestNG.initAndRun(RemoteTestNG.java:251)
	at org.testng.remote.RemoteTestNG.main(RemoteTestNG.java:77)
=======
<td><div><pre>org.testng.SkipException: SQL connection refused and therefore all tests are skipped
	at CTD_Unprocessed_Events_Endpoint.Disciplinary_charge_regulation.jdbc(Disciplinary_charge_regulation.java:44)
... Removed 26 stack frames</pre></div><a href='#' onClick='toggleBox("stack-trace557023567", this, "Click to show all stack frames", "Click to hide stack frames")'>Click to show all stack frames</a>
<div class='stack-trace' id='stack-trace557023567'><pre>org.testng.SkipException: SQL connection refused and therefore all tests are skipped
	at CTD_Unprocessed_Events_Endpoint.Disciplinary_charge_regulation.jdbc(Disciplinary_charge_regulation.java:44)
	at sun.reflect.NativeMethodAccessorImpl.invoke0(Native Method)
	at sun.reflect.NativeMethodAccessorImpl.invoke(Unknown Source)
	at sun.reflect.DelegatingMethodAccessorImpl.invoke(Unknown Source)
	at java.lang.reflect.Method.invoke(Unknown Source)
	at org.testng.internal.MethodInvocationHelper.invokeMethod(MethodInvocationHelper.java:124)
	at org.testng.internal.MethodInvocationHelper.invokeMethodConsideringTimeout(MethodInvocationHelper.java:59)
	at org.testng.internal.Invoker.invokeConfigurationMethod(Invoker.java:458)
	at org.testng.internal.Invoker.invokeConfigurations(Invoker.java:222)
	at org.testng.internal.Invoker.invokeConfigurations(Invoker.java:142)
	at org.testng.internal.TestMethodWorker.invokeBeforeClassMethods(TestMethodWorker.java:168)
	at org.testng.internal.TestMethodWorker.run(TestMethodWorker.java:105)
	at org.testng.TestRunner.privateRun(TestRunner.java:648)
	at org.testng.TestRunner.run(TestRunner.java:505)
	at org.testng.SuiteRunner.runTest(SuiteRunner.java:455)
	at org.testng.SuiteRunner.runSequentially(SuiteRunner.java:450)
	at org.testng.SuiteRunner.privateRun(SuiteRunner.java:415)
	at org.testng.SuiteRunner.run(SuiteRunner.java:364)
	at org.testng.SuiteRunnerWorker.runSuite(SuiteRunnerWorker.java:52)
	at org.testng.SuiteRunnerWorker.run(SuiteRunnerWorker.java:84)
	at org.testng.TestNG.runSuitesSequentially(TestNG.java:1208)
	at org.testng.TestNG.runSuitesLocally(TestNG.java:1137)
	at org.testng.TestNG.runSuites(TestNG.java:1049)
	at org.testng.TestNG.run(TestNG.java:1017)
	at org.testng.remote.AbstractRemoteTestNG.run(AbstractRemoteTestNG.java:115)
	at org.testng.remote.RemoteTestNG.initAndRun(RemoteTestNG.java:251)
	at org.testng.remote.RemoteTestNG.main(RemoteTestNG.java:77)
>>>>>>> Sync with Master
</pre></div></td>
<td>0</td>
<td>CTD_Unprocessed_Events_Endpoint.Disciplinary_charge_regulation@25bbe1b6</td></tr>
<tr>
<td title='CTD_Unprocessed_Events_Endpoint.Tombstone_cms_client_names.tearDown()'><b>tearDown</b><br>Test class: CTD_Unprocessed_Events_Endpoint.Tombstone_cms_client_names</td>
<td></td>
<td>0</td>
<td>CTD_Unprocessed_Events_Endpoint.Tombstone_cms_client_names@cb644e</td></tr>
<tr>
<td title='CTD_Unprocessed_Events_Endpoint.Tombstone_cms_client_names.tearDown()'><b>tearDown</b><br>Test class: CTD_Unprocessed_Events_Endpoint.Tombstone_cms_client_names</td>
<td></td>
<td>0</td>
<td>CTD_Unprocessed_Events_Endpoint.Tombstone_cms_client_names@cb644e</td></tr>
<tr>
<td title='CTD_Unprocessed_Events_Endpoint.Tombstone_cms_client_names.tearDown()'><b>tearDown</b><br>Test class: CTD_Unprocessed_Events_Endpoint.Tombstone_cms_client_names</td>
<td></td>
<td>0</td>
<td>CTD_Unprocessed_Events_Endpoint.Tombstone_cms_client_names@cb644e</td></tr>
<tr>
<td title='CTD_Unprocessed_Events_Endpoint.Tombstone_cms_client_names.tearDown()'><b>tearDown</b><br>Test class: CTD_Unprocessed_Events_Endpoint.Tombstone_cms_client_names</td>
<td></td>
<td>0</td>
<td>CTD_Unprocessed_Events_Endpoint.Tombstone_cms_client_names@cb644e</td></tr>
<tr>
<td title='CTD_Unprocessed_Events_Endpoint.Tombstone_cms_clients.tearDown()'><b>tearDown</b><br>Test class: CTD_Unprocessed_Events_Endpoint.Tombstone_cms_clients</td>
<td></td>
<td>0</td>
<td>CTD_Unprocessed_Events_Endpoint.Tombstone_cms_clients@13805618</td></tr>
<tr>
<td title='CTD_Unprocessed_Events_Endpoint.Tombstone_cms_clients.tearDown()'><b>tearDown</b><br>Test class: CTD_Unprocessed_Events_Endpoint.Tombstone_cms_clients</td>
<td></td>
<td>0</td>
<td>CTD_Unprocessed_Events_Endpoint.Tombstone_cms_clients@13805618</td></tr>
<tr>
<td title='CTD_Unprocessed_Events_Endpoint.Tombstone_cms_clients.tearDown()'><b>tearDown</b><br>Test class: CTD_Unprocessed_Events_Endpoint.Tombstone_cms_clients</td>
<td></td>
<td>0</td>
<td>CTD_Unprocessed_Events_Endpoint.Tombstone_cms_clients@13805618</td></tr>
<tr>
<td title='CTD_Unprocessed_Events_Endpoint.Tombstone_cms_clients.tearDown()'><b>tearDown</b><br>Test class: CTD_Unprocessed_Events_Endpoint.Tombstone_cms_clients</td>
<td></td>
<td>0</td>
<td>CTD_Unprocessed_Events_Endpoint.Tombstone_cms_clients@13805618</td></tr>
<tr>
<td title='CTD_Unprocessed_Events_Endpoint.Tombstone_cms_personal_chars.tearDown()'><b>tearDown</b><br>Test class: CTD_Unprocessed_Events_Endpoint.Tombstone_cms_personal_chars</td>
<td></td>
<td>0</td>
<td>CTD_Unprocessed_Events_Endpoint.Tombstone_cms_personal_chars@56ef9176</td></tr>
<tr>
<td title='CTD_Unprocessed_Events_Endpoint.Tombstone_cms_personal_chars.tearDown()'><b>tearDown</b><br>Test class: CTD_Unprocessed_Events_Endpoint.Tombstone_cms_personal_chars</td>
<td></td>
<td>0</td>
<td>CTD_Unprocessed_Events_Endpoint.Tombstone_cms_personal_chars@56ef9176</td></tr>
<tr>
<td title='CTD_Unprocessed_Events_Endpoint.Disciplinary_Charge.tearDown()'><b>tearDown</b><br>Test class: CTD_Unprocessed_Events_Endpoint.Disciplinary_Charge</td>
<td></td>
<td>0</td>
<td>CTD_Unprocessed_Events_Endpoint.Disciplinary_Charge@4566e5bd</td></tr>
<tr>
<td title='CTD_Unprocessed_Events_Endpoint.Disciplinary_Charge.tearDown()'><b>tearDown</b><br>Test class: CTD_Unprocessed_Events_Endpoint.Disciplinary_Charge</td>
<td></td>
<td>0</td>
<td>CTD_Unprocessed_Events_Endpoint.Disciplinary_Charge@4566e5bd</td></tr>
<tr>
<td title='CTD_Unprocessed_Events_Endpoint.Disciplinary_Charge.tearDown()'><b>tearDown</b><br>Test class: CTD_Unprocessed_Events_Endpoint.Disciplinary_Charge</td>
<td></td>
<td>0</td>
<td>CTD_Unprocessed_Events_Endpoint.Disciplinary_Charge@4566e5bd</td></tr>
<tr>
<td title='CTD_Unprocessed_Events_Endpoint.Disciplinary_Charge.tearDown()'><b>tearDown</b><br>Test class: CTD_Unprocessed_Events_Endpoint.Disciplinary_Charge</td>
<td></td>
<td>0</td>
<td>CTD_Unprocessed_Events_Endpoint.Disciplinary_Charge@4566e5bd</td></tr>
<tr>
<td title='CTD_Unprocessed_Events_Endpoint.Disciplinary_Charge.tearDown()'><b>tearDown</b><br>Test class: CTD_Unprocessed_Events_Endpoint.Disciplinary_Charge</td>
<td></td>
<td>0</td>
<td>CTD_Unprocessed_Events_Endpoint.Disciplinary_Charge@4566e5bd</td></tr>
<tr>
<td title='CTD_Unprocessed_Events_Endpoint.TransferReason.tearDown()'><b>tearDown</b><br>Test class: CTD_Unprocessed_Events_Endpoint.TransferReason</td>
<td></td>
<td>0</td>
<td>CTD_Unprocessed_Events_Endpoint.TransferReason@1ed4004b</td></tr>
<tr>
<td title='CTD_Unprocessed_Events_Endpoint.act_event.tearDown()'><b>tearDown</b><br>Test class: CTD_Unprocessed_Events_Endpoint.act_event</td>
<td></td>
<td>0</td>
<td>CTD_Unprocessed_Events_Endpoint.act_event@ff5b51f</td></tr>
<tr>
<td title='CTD_Unprocessed_Events_Endpoint.Disciplinary_charge_regulation.tearDown()'><b>tearDown</b><br>Test class: CTD_Unprocessed_Events_Endpoint.Disciplinary_charge_regulation</td>
<td></td>
<td>0</td>
<td>CTD_Unprocessed_Events_Endpoint.Disciplinary_charge_regulation@25bbe1b6</td></tr>
<tr>
<td title='CTD_Unprocessed_Events_Endpoint.Tombstone_cms_client_names.jdbcclose()'><b>jdbcclose</b><br>Test class: CTD_Unprocessed_Events_Endpoint.Tombstone_cms_client_names</td>
<td></td>
<td>0</td>
<td>CTD_Unprocessed_Events_Endpoint.Tombstone_cms_client_names@cb644e</td></tr>
<tr>
<td title='CTD_Unprocessed_Events_Endpoint.Tombstone_cms_clients.jdbcclose()'><b>jdbcclose</b><br>Test class: CTD_Unprocessed_Events_Endpoint.Tombstone_cms_clients</td>
<td></td>
<td>0</td>
<td>CTD_Unprocessed_Events_Endpoint.Tombstone_cms_clients@13805618</td></tr>
<tr>
<td title='CTD_Unprocessed_Events_Endpoint.Tombstone_cms_personal_chars.jdbcclose()'><b>jdbcclose</b><br>Test class: CTD_Unprocessed_Events_Endpoint.Tombstone_cms_personal_chars</td>
<td></td>
<td>0</td>
<td>CTD_Unprocessed_Events_Endpoint.Tombstone_cms_personal_chars@56ef9176</td></tr>
<tr>
<td title='CTD_Unprocessed_Events_Endpoint.Disciplinary_Charge.jdbcclose()'><b>jdbcclose</b><br>Test class: CTD_Unprocessed_Events_Endpoint.Disciplinary_Charge</td>
<td></td>
<td>0</td>
<td>CTD_Unprocessed_Events_Endpoint.Disciplinary_Charge@4566e5bd</td></tr>
<tr>
<td title='CTD_Unprocessed_Events_Endpoint.TransferReason.jdbcclose()'><b>jdbcclose</b><br>Test class: CTD_Unprocessed_Events_Endpoint.TransferReason</td>
<td></td>
<td>0</td>
<td>CTD_Unprocessed_Events_Endpoint.TransferReason@1ed4004b</td></tr>
<tr>
<td title='CTD_Unprocessed_Events_Endpoint.act_event.jdbcclose()'><b>jdbcclose</b><br>Test class: CTD_Unprocessed_Events_Endpoint.act_event</td>
<td></td>
<td>0</td>
<td>CTD_Unprocessed_Events_Endpoint.act_event@ff5b51f</td></tr>
<tr>
<td title='CTD_Unprocessed_Events_Endpoint.Disciplinary_charge_regulation.jdbcclose()'><b>jdbcclose</b><br>Test class: CTD_Unprocessed_Events_Endpoint.Disciplinary_charge_regulation</td>
<td></td>
<td>0</td>
<td>CTD_Unprocessed_Events_Endpoint.Disciplinary_charge_regulation@25bbe1b6</td></tr>
</table><p>
<table width='100%' border='1' class='invocation-skipped'>
<tr><td colspan='4' align='center'><b>SKIPPED TESTS</b></td></tr>
<tr><td><b>Test method</b></td>
<td width="30%"><b>Exception</b></td>
<td width="10%"><b>Time (seconds)</b></td>
<td><b>Instance</b></td>
</tr>
<tr>
<td title='CTD_Unprocessed_Events_Endpoint.Tombstone_cms_clients.Test_for_validating_tomstone_event_gendercdchanges_cms_clients_existingclient()'><b>Test_for_validating_tomstone_event_gendercdchanges_cms_clients_existingclient</b><br>Test class: CTD_Unprocessed_Events_Endpoint.Tombstone_cms_clients</td>
<td></td>
<td>0</td>
<td>CTD_Unprocessed_Events_Endpoint.Tombstone_cms_clients@13805618</td></tr>
<tr>
<td title='CTD_Unprocessed_Events_Endpoint.Tombstone_cms_clients.Test_for_validating_tomstone_event_gendercdchanges_cms_clients_existingclient()'><b>Test_for_validating_tomstone_event_gendercdchanges_cms_clients_existingclient</b><br>Test class: CTD_Unprocessed_Events_Endpoint.Tombstone_cms_clients</td>
<td></td>
<td>0</td>
<td>CTD_Unprocessed_Events_Endpoint.Tombstone_cms_clients@13805618</td></tr>
<tr>
<td title='CTD_Unprocessed_Events_Endpoint.Tombstone_cms_clients.Test_for_validating_tomstone_event_sealedynchanges_cms_clients_existingclient()'><b>Test_for_validating_tomstone_event_sealedynchanges_cms_clients_existingclient</b><br>Test class: CTD_Unprocessed_Events_Endpoint.Tombstone_cms_clients</td>
<<<<<<< master
<td><div><pre>org.testng.SkipException: SQL connection refused and therefore all tests are skipped
	at CTD_Unprocessed_Events_Endpoint.Tombstone_cms_clients.jdbc(Tombstone_cms_clients.java:43)
... Removed 26 stack frames</pre></div><a href='#' onClick='toggleBox("stack-trace299644693", this, "Click to show all stack frames", "Click to hide stack frames")'>Click to show all stack frames</a>
<div class='stack-trace' id='stack-trace299644693'><pre>org.testng.SkipException: SQL connection refused and therefore all tests are skipped
	at CTD_Unprocessed_Events_Endpoint.Tombstone_cms_clients.jdbc(Tombstone_cms_clients.java:43)
	at sun.reflect.NativeMethodAccessorImpl.invoke0(Native Method)
	at sun.reflect.NativeMethodAccessorImpl.invoke(Unknown Source)
	at sun.reflect.DelegatingMethodAccessorImpl.invoke(Unknown Source)
	at java.lang.reflect.Method.invoke(Unknown Source)
	at org.testng.internal.MethodInvocationHelper.invokeMethod(MethodInvocationHelper.java:124)
	at org.testng.internal.MethodInvocationHelper.invokeMethodConsideringTimeout(MethodInvocationHelper.java:59)
	at org.testng.internal.Invoker.invokeConfigurationMethod(Invoker.java:458)
	at org.testng.internal.Invoker.invokeConfigurations(Invoker.java:222)
	at org.testng.internal.Invoker.invokeConfigurations(Invoker.java:142)
	at org.testng.internal.TestMethodWorker.invokeBeforeClassMethods(TestMethodWorker.java:168)
	at org.testng.internal.TestMethodWorker.run(TestMethodWorker.java:105)
	at org.testng.TestRunner.privateRun(TestRunner.java:648)
	at org.testng.TestRunner.run(TestRunner.java:505)
	at org.testng.SuiteRunner.runTest(SuiteRunner.java:455)
	at org.testng.SuiteRunner.runSequentially(SuiteRunner.java:450)
	at org.testng.SuiteRunner.privateRun(SuiteRunner.java:415)
	at org.testng.SuiteRunner.run(SuiteRunner.java:364)
	at org.testng.SuiteRunnerWorker.runSuite(SuiteRunnerWorker.java:52)
	at org.testng.SuiteRunnerWorker.run(SuiteRunnerWorker.java:84)
	at org.testng.TestNG.runSuitesSequentially(TestNG.java:1208)
	at org.testng.TestNG.runSuitesLocally(TestNG.java:1137)
	at org.testng.TestNG.runSuites(TestNG.java:1049)
	at org.testng.TestNG.run(TestNG.java:1017)
	at org.testng.remote.AbstractRemoteTestNG.run(AbstractRemoteTestNG.java:115)
	at org.testng.remote.RemoteTestNG.initAndRun(RemoteTestNG.java:251)
	at org.testng.remote.RemoteTestNG.main(RemoteTestNG.java:77)
=======
<td><div><pre>org.testng.SkipException: SQL connection refused and therefore all tests are skipped
	at CTD_Unprocessed_Events_Endpoint.Tombstone_cms_clients.jdbc(Tombstone_cms_clients.java:43)
... Removed 26 stack frames</pre></div><a href='#' onClick='toggleBox("stack-trace299644693", this, "Click to show all stack frames", "Click to hide stack frames")'>Click to show all stack frames</a>
<div class='stack-trace' id='stack-trace299644693'><pre>org.testng.SkipException: SQL connection refused and therefore all tests are skipped
	at CTD_Unprocessed_Events_Endpoint.Tombstone_cms_clients.jdbc(Tombstone_cms_clients.java:43)
	at sun.reflect.NativeMethodAccessorImpl.invoke0(Native Method)
	at sun.reflect.NativeMethodAccessorImpl.invoke(Unknown Source)
	at sun.reflect.DelegatingMethodAccessorImpl.invoke(Unknown Source)
	at java.lang.reflect.Method.invoke(Unknown Source)
	at org.testng.internal.MethodInvocationHelper.invokeMethod(MethodInvocationHelper.java:124)
	at org.testng.internal.MethodInvocationHelper.invokeMethodConsideringTimeout(MethodInvocationHelper.java:59)
	at org.testng.internal.Invoker.invokeConfigurationMethod(Invoker.java:458)
	at org.testng.internal.Invoker.invokeConfigurations(Invoker.java:222)
	at org.testng.internal.Invoker.invokeConfigurations(Invoker.java:142)
	at org.testng.internal.TestMethodWorker.invokeBeforeClassMethods(TestMethodWorker.java:168)
	at org.testng.internal.TestMethodWorker.run(TestMethodWorker.java:105)
	at org.testng.TestRunner.privateRun(TestRunner.java:648)
	at org.testng.TestRunner.run(TestRunner.java:505)
	at org.testng.SuiteRunner.runTest(SuiteRunner.java:455)
	at org.testng.SuiteRunner.runSequentially(SuiteRunner.java:450)
	at org.testng.SuiteRunner.privateRun(SuiteRunner.java:415)
	at org.testng.SuiteRunner.run(SuiteRunner.java:364)
	at org.testng.SuiteRunnerWorker.runSuite(SuiteRunnerWorker.java:52)
	at org.testng.SuiteRunnerWorker.run(SuiteRunnerWorker.java:84)
	at org.testng.TestNG.runSuitesSequentially(TestNG.java:1208)
	at org.testng.TestNG.runSuitesLocally(TestNG.java:1137)
	at org.testng.TestNG.runSuites(TestNG.java:1049)
	at org.testng.TestNG.run(TestNG.java:1017)
	at org.testng.remote.AbstractRemoteTestNG.run(AbstractRemoteTestNG.java:115)
	at org.testng.remote.RemoteTestNG.initAndRun(RemoteTestNG.java:251)
	at org.testng.remote.RemoteTestNG.main(RemoteTestNG.java:77)
>>>>>>> Sync with Master
</pre></div></td>
<td>0</td>
<td>CTD_Unprocessed_Events_Endpoint.Tombstone_cms_clients@13805618</td></tr>
<tr>
<td title='CTD_Unprocessed_Events_Endpoint.Tombstone_cms_clients.Test_for_validating_tomstone_event_sealedynchanges_cms_clients_existingclient()'><b>Test_for_validating_tomstone_event_sealedynchanges_cms_clients_existingclient</b><br>Test class: CTD_Unprocessed_Events_Endpoint.Tombstone_cms_clients</td>
<td></td>
<td>0</td>
<td>CTD_Unprocessed_Events_Endpoint.Tombstone_cms_clients@13805618</td></tr>
<tr>
<td title='CTD_Unprocessed_Events_Endpoint.Tombstone_cms_client_names.birth_dt()'><b>birth_dt</b><br>Test class: CTD_Unprocessed_Events_Endpoint.Tombstone_cms_client_names</td>
<td></td>
<td>0</td>
<td>CTD_Unprocessed_Events_Endpoint.Tombstone_cms_client_names@cb644e</td></tr>
<tr>
<td title='CTD_Unprocessed_Events_Endpoint.act_event.cdanddscchanges()'><b>cdanddscchanges</b><br>Test class: CTD_Unprocessed_Events_Endpoint.act_event</td>
<<<<<<< master
<td><div><pre>org.testng.SkipException: SQL connection refused and therefore all tests are skipped
	at CTD_Unprocessed_Events_Endpoint.act_event.jdbc(act_event.java:45)
... Removed 26 stack frames</pre></div><a href='#' onClick='toggleBox("stack-trace2039810346", this, "Click to show all stack frames", "Click to hide stack frames")'>Click to show all stack frames</a>
<div class='stack-trace' id='stack-trace2039810346'><pre>org.testng.SkipException: SQL connection refused and therefore all tests are skipped
	at CTD_Unprocessed_Events_Endpoint.act_event.jdbc(act_event.java:45)
	at sun.reflect.NativeMethodAccessorImpl.invoke0(Native Method)
	at sun.reflect.NativeMethodAccessorImpl.invoke(Unknown Source)
	at sun.reflect.DelegatingMethodAccessorImpl.invoke(Unknown Source)
	at java.lang.reflect.Method.invoke(Unknown Source)
	at org.testng.internal.MethodInvocationHelper.invokeMethod(MethodInvocationHelper.java:124)
	at org.testng.internal.MethodInvocationHelper.invokeMethodConsideringTimeout(MethodInvocationHelper.java:59)
	at org.testng.internal.Invoker.invokeConfigurationMethod(Invoker.java:458)
	at org.testng.internal.Invoker.invokeConfigurations(Invoker.java:222)
	at org.testng.internal.Invoker.invokeConfigurations(Invoker.java:142)
	at org.testng.internal.TestMethodWorker.invokeBeforeClassMethods(TestMethodWorker.java:168)
	at org.testng.internal.TestMethodWorker.run(TestMethodWorker.java:105)
	at org.testng.TestRunner.privateRun(TestRunner.java:648)
	at org.testng.TestRunner.run(TestRunner.java:505)
	at org.testng.SuiteRunner.runTest(SuiteRunner.java:455)
	at org.testng.SuiteRunner.runSequentially(SuiteRunner.java:450)
	at org.testng.SuiteRunner.privateRun(SuiteRunner.java:415)
	at org.testng.SuiteRunner.run(SuiteRunner.java:364)
	at org.testng.SuiteRunnerWorker.runSuite(SuiteRunnerWorker.java:52)
	at org.testng.SuiteRunnerWorker.run(SuiteRunnerWorker.java:84)
	at org.testng.TestNG.runSuitesSequentially(TestNG.java:1208)
	at org.testng.TestNG.runSuitesLocally(TestNG.java:1137)
	at org.testng.TestNG.runSuites(TestNG.java:1049)
	at org.testng.TestNG.run(TestNG.java:1017)
	at org.testng.remote.AbstractRemoteTestNG.run(AbstractRemoteTestNG.java:115)
	at org.testng.remote.RemoteTestNG.initAndRun(RemoteTestNG.java:251)
	at org.testng.remote.RemoteTestNG.main(RemoteTestNG.java:77)
=======
<td><div><pre>org.testng.SkipException: SQL connection refused and therefore all tests are skipped
	at CTD_Unprocessed_Events_Endpoint.act_event.jdbc(act_event.java:45)
... Removed 26 stack frames</pre></div><a href='#' onClick='toggleBox("stack-trace2039810346", this, "Click to show all stack frames", "Click to hide stack frames")'>Click to show all stack frames</a>
<div class='stack-trace' id='stack-trace2039810346'><pre>org.testng.SkipException: SQL connection refused and therefore all tests are skipped
	at CTD_Unprocessed_Events_Endpoint.act_event.jdbc(act_event.java:45)
	at sun.reflect.NativeMethodAccessorImpl.invoke0(Native Method)
	at sun.reflect.NativeMethodAccessorImpl.invoke(Unknown Source)
	at sun.reflect.DelegatingMethodAccessorImpl.invoke(Unknown Source)
	at java.lang.reflect.Method.invoke(Unknown Source)
	at org.testng.internal.MethodInvocationHelper.invokeMethod(MethodInvocationHelper.java:124)
	at org.testng.internal.MethodInvocationHelper.invokeMethodConsideringTimeout(MethodInvocationHelper.java:59)
	at org.testng.internal.Invoker.invokeConfigurationMethod(Invoker.java:458)
	at org.testng.internal.Invoker.invokeConfigurations(Invoker.java:222)
	at org.testng.internal.Invoker.invokeConfigurations(Invoker.java:142)
	at org.testng.internal.TestMethodWorker.invokeBeforeClassMethods(TestMethodWorker.java:168)
	at org.testng.internal.TestMethodWorker.run(TestMethodWorker.java:105)
	at org.testng.TestRunner.privateRun(TestRunner.java:648)
	at org.testng.TestRunner.run(TestRunner.java:505)
	at org.testng.SuiteRunner.runTest(SuiteRunner.java:455)
	at org.testng.SuiteRunner.runSequentially(SuiteRunner.java:450)
	at org.testng.SuiteRunner.privateRun(SuiteRunner.java:415)
	at org.testng.SuiteRunner.run(SuiteRunner.java:364)
	at org.testng.SuiteRunnerWorker.runSuite(SuiteRunnerWorker.java:52)
	at org.testng.SuiteRunnerWorker.run(SuiteRunnerWorker.java:84)
	at org.testng.TestNG.runSuitesSequentially(TestNG.java:1208)
	at org.testng.TestNG.runSuitesLocally(TestNG.java:1137)
	at org.testng.TestNG.runSuites(TestNG.java:1049)
	at org.testng.TestNG.run(TestNG.java:1017)
	at org.testng.remote.AbstractRemoteTestNG.run(AbstractRemoteTestNG.java:115)
	at org.testng.remote.RemoteTestNG.initAndRun(RemoteTestNG.java:251)
	at org.testng.remote.RemoteTestNG.main(RemoteTestNG.java:77)
>>>>>>> Sync with Master
</pre></div></td>
<td>0</td>
<td>CTD_Unprocessed_Events_Endpoint.act_event@ff5b51f</td></tr>
<tr>
<td title='CTD_Unprocessed_Events_Endpoint.TransferReason.cdchanges()'><b>cdchanges</b><br>Test class: CTD_Unprocessed_Events_Endpoint.TransferReason</td>
<<<<<<< master
<td><div><pre>org.testng.SkipException: SQL connection refused and therefore all tests are skipped
	at CTD_Unprocessed_Events_Endpoint.TransferReason.jdbc(TransferReason.java:41)
... Removed 26 stack frames</pre></div><a href='#' onClick='toggleBox("stack-trace576936864", this, "Click to show all stack frames", "Click to hide stack frames")'>Click to show all stack frames</a>
<div class='stack-trace' id='stack-trace576936864'><pre>org.testng.SkipException: SQL connection refused and therefore all tests are skipped
	at CTD_Unprocessed_Events_Endpoint.TransferReason.jdbc(TransferReason.java:41)
	at sun.reflect.NativeMethodAccessorImpl.invoke0(Native Method)
	at sun.reflect.NativeMethodAccessorImpl.invoke(Unknown Source)
	at sun.reflect.DelegatingMethodAccessorImpl.invoke(Unknown Source)
	at java.lang.reflect.Method.invoke(Unknown Source)
	at org.testng.internal.MethodInvocationHelper.invokeMethod(MethodInvocationHelper.java:124)
	at org.testng.internal.MethodInvocationHelper.invokeMethodConsideringTimeout(MethodInvocationHelper.java:59)
	at org.testng.internal.Invoker.invokeConfigurationMethod(Invoker.java:458)
	at org.testng.internal.Invoker.invokeConfigurations(Invoker.java:222)
	at org.testng.internal.Invoker.invokeConfigurations(Invoker.java:142)
	at org.testng.internal.TestMethodWorker.invokeBeforeClassMethods(TestMethodWorker.java:168)
	at org.testng.internal.TestMethodWorker.run(TestMethodWorker.java:105)
	at org.testng.TestRunner.privateRun(TestRunner.java:648)
	at org.testng.TestRunner.run(TestRunner.java:505)
	at org.testng.SuiteRunner.runTest(SuiteRunner.java:455)
	at org.testng.SuiteRunner.runSequentially(SuiteRunner.java:450)
	at org.testng.SuiteRunner.privateRun(SuiteRunner.java:415)
	at org.testng.SuiteRunner.run(SuiteRunner.java:364)
	at org.testng.SuiteRunnerWorker.runSuite(SuiteRunnerWorker.java:52)
	at org.testng.SuiteRunnerWorker.run(SuiteRunnerWorker.java:84)
	at org.testng.TestNG.runSuitesSequentially(TestNG.java:1208)
	at org.testng.TestNG.runSuitesLocally(TestNG.java:1137)
	at org.testng.TestNG.runSuites(TestNG.java:1049)
	at org.testng.TestNG.run(TestNG.java:1017)
	at org.testng.remote.AbstractRemoteTestNG.run(AbstractRemoteTestNG.java:115)
	at org.testng.remote.RemoteTestNG.initAndRun(RemoteTestNG.java:251)
	at org.testng.remote.RemoteTestNG.main(RemoteTestNG.java:77)
=======
<td><div><pre>org.testng.SkipException: SQL connection refused and therefore all tests are skipped
	at CTD_Unprocessed_Events_Endpoint.TransferReason.jdbc(TransferReason.java:41)
... Removed 26 stack frames</pre></div><a href='#' onClick='toggleBox("stack-trace576936864", this, "Click to show all stack frames", "Click to hide stack frames")'>Click to show all stack frames</a>
<div class='stack-trace' id='stack-trace576936864'><pre>org.testng.SkipException: SQL connection refused and therefore all tests are skipped
	at CTD_Unprocessed_Events_Endpoint.TransferReason.jdbc(TransferReason.java:41)
	at sun.reflect.NativeMethodAccessorImpl.invoke0(Native Method)
	at sun.reflect.NativeMethodAccessorImpl.invoke(Unknown Source)
	at sun.reflect.DelegatingMethodAccessorImpl.invoke(Unknown Source)
	at java.lang.reflect.Method.invoke(Unknown Source)
	at org.testng.internal.MethodInvocationHelper.invokeMethod(MethodInvocationHelper.java:124)
	at org.testng.internal.MethodInvocationHelper.invokeMethodConsideringTimeout(MethodInvocationHelper.java:59)
	at org.testng.internal.Invoker.invokeConfigurationMethod(Invoker.java:458)
	at org.testng.internal.Invoker.invokeConfigurations(Invoker.java:222)
	at org.testng.internal.Invoker.invokeConfigurations(Invoker.java:142)
	at org.testng.internal.TestMethodWorker.invokeBeforeClassMethods(TestMethodWorker.java:168)
	at org.testng.internal.TestMethodWorker.run(TestMethodWorker.java:105)
	at org.testng.TestRunner.privateRun(TestRunner.java:648)
	at org.testng.TestRunner.run(TestRunner.java:505)
	at org.testng.SuiteRunner.runTest(SuiteRunner.java:455)
	at org.testng.SuiteRunner.runSequentially(SuiteRunner.java:450)
	at org.testng.SuiteRunner.privateRun(SuiteRunner.java:415)
	at org.testng.SuiteRunner.run(SuiteRunner.java:364)
	at org.testng.SuiteRunnerWorker.runSuite(SuiteRunnerWorker.java:52)
	at org.testng.SuiteRunnerWorker.run(SuiteRunnerWorker.java:84)
	at org.testng.TestNG.runSuitesSequentially(TestNG.java:1208)
	at org.testng.TestNG.runSuitesLocally(TestNG.java:1137)
	at org.testng.TestNG.runSuites(TestNG.java:1049)
	at org.testng.TestNG.run(TestNG.java:1017)
	at org.testng.remote.AbstractRemoteTestNG.run(AbstractRemoteTestNG.java:115)
	at org.testng.remote.RemoteTestNG.initAndRun(RemoteTestNG.java:251)
	at org.testng.remote.RemoteTestNG.main(RemoteTestNG.java:77)
>>>>>>> Sync with Master
</pre></div></td>
<td>0</td>
<td>CTD_Unprocessed_Events_Endpoint.TransferReason@1ed4004b</td></tr>
<tr>
<td title='CTD_Unprocessed_Events_Endpoint.Disciplinary_Charge.charge_dtchangedfromlast5yrstopast5yrs()'><b>charge_dtchangedfromlast5yrstopast5yrs</b><br>Test class: CTD_Unprocessed_Events_Endpoint.Disciplinary_Charge</td>
<td></td>
<td>0</td>
<td>CTD_Unprocessed_Events_Endpoint.Disciplinary_Charge@4566e5bd</td></tr>
<tr>
<td title='CTD_Unprocessed_Events_Endpoint.Disciplinary_Charge.charge_dtchangedpast5yrstolast5yrs()'><b>charge_dtchangedpast5yrstolast5yrs</b><br>Test class: CTD_Unprocessed_Events_Endpoint.Disciplinary_Charge</td>
<td></td>
<td>0</td>
<td>CTD_Unprocessed_Events_Endpoint.Disciplinary_Charge@4566e5bd</td></tr>
<tr>
<td title='CTD_Unprocessed_Events_Endpoint.Disciplinary_charge_regulation.cms_regulations()'><b>cms_regulations</b><br>Test class: CTD_Unprocessed_Events_Endpoint.Disciplinary_charge_regulation</td>
<<<<<<< master
<td><div><pre>org.testng.SkipException: SQL connection refused and therefore all tests are skipped
	at CTD_Unprocessed_Events_Endpoint.Disciplinary_charge_regulation.jdbc(Disciplinary_charge_regulation.java:44)
... Removed 26 stack frames</pre></div><a href='#' onClick='toggleBox("stack-trace1276504061", this, "Click to show all stack frames", "Click to hide stack frames")'>Click to show all stack frames</a>
<div class='stack-trace' id='stack-trace1276504061'><pre>org.testng.SkipException: SQL connection refused and therefore all tests are skipped
	at CTD_Unprocessed_Events_Endpoint.Disciplinary_charge_regulation.jdbc(Disciplinary_charge_regulation.java:44)
	at sun.reflect.NativeMethodAccessorImpl.invoke0(Native Method)
	at sun.reflect.NativeMethodAccessorImpl.invoke(Unknown Source)
	at sun.reflect.DelegatingMethodAccessorImpl.invoke(Unknown Source)
	at java.lang.reflect.Method.invoke(Unknown Source)
	at org.testng.internal.MethodInvocationHelper.invokeMethod(MethodInvocationHelper.java:124)
	at org.testng.internal.MethodInvocationHelper.invokeMethodConsideringTimeout(MethodInvocationHelper.java:59)
	at org.testng.internal.Invoker.invokeConfigurationMethod(Invoker.java:458)
	at org.testng.internal.Invoker.invokeConfigurations(Invoker.java:222)
	at org.testng.internal.Invoker.invokeConfigurations(Invoker.java:142)
	at org.testng.internal.TestMethodWorker.invokeBeforeClassMethods(TestMethodWorker.java:168)
	at org.testng.internal.TestMethodWorker.run(TestMethodWorker.java:105)
	at org.testng.TestRunner.privateRun(TestRunner.java:648)
	at org.testng.TestRunner.run(TestRunner.java:505)
	at org.testng.SuiteRunner.runTest(SuiteRunner.java:455)
	at org.testng.SuiteRunner.runSequentially(SuiteRunner.java:450)
	at org.testng.SuiteRunner.privateRun(SuiteRunner.java:415)
	at org.testng.SuiteRunner.run(SuiteRunner.java:364)
	at org.testng.SuiteRunnerWorker.runSuite(SuiteRunnerWorker.java:52)
	at org.testng.SuiteRunnerWorker.run(SuiteRunnerWorker.java:84)
	at org.testng.TestNG.runSuitesSequentially(TestNG.java:1208)
	at org.testng.TestNG.runSuitesLocally(TestNG.java:1137)
	at org.testng.TestNG.runSuites(TestNG.java:1049)
	at org.testng.TestNG.run(TestNG.java:1017)
	at org.testng.remote.AbstractRemoteTestNG.run(AbstractRemoteTestNG.java:115)
	at org.testng.remote.RemoteTestNG.initAndRun(RemoteTestNG.java:251)
	at org.testng.remote.RemoteTestNG.main(RemoteTestNG.java:77)
=======
<td><div><pre>org.testng.SkipException: SQL connection refused and therefore all tests are skipped
	at CTD_Unprocessed_Events_Endpoint.Disciplinary_charge_regulation.jdbc(Disciplinary_charge_regulation.java:44)
... Removed 26 stack frames</pre></div><a href='#' onClick='toggleBox("stack-trace1276504061", this, "Click to show all stack frames", "Click to hide stack frames")'>Click to show all stack frames</a>
<div class='stack-trace' id='stack-trace1276504061'><pre>org.testng.SkipException: SQL connection refused and therefore all tests are skipped
	at CTD_Unprocessed_Events_Endpoint.Disciplinary_charge_regulation.jdbc(Disciplinary_charge_regulation.java:44)
	at sun.reflect.NativeMethodAccessorImpl.invoke0(Native Method)
	at sun.reflect.NativeMethodAccessorImpl.invoke(Unknown Source)
	at sun.reflect.DelegatingMethodAccessorImpl.invoke(Unknown Source)
	at java.lang.reflect.Method.invoke(Unknown Source)
	at org.testng.internal.MethodInvocationHelper.invokeMethod(MethodInvocationHelper.java:124)
	at org.testng.internal.MethodInvocationHelper.invokeMethodConsideringTimeout(MethodInvocationHelper.java:59)
	at org.testng.internal.Invoker.invokeConfigurationMethod(Invoker.java:458)
	at org.testng.internal.Invoker.invokeConfigurations(Invoker.java:222)
	at org.testng.internal.Invoker.invokeConfigurations(Invoker.java:142)
	at org.testng.internal.TestMethodWorker.invokeBeforeClassMethods(TestMethodWorker.java:168)
	at org.testng.internal.TestMethodWorker.run(TestMethodWorker.java:105)
	at org.testng.TestRunner.privateRun(TestRunner.java:648)
	at org.testng.TestRunner.run(TestRunner.java:505)
	at org.testng.SuiteRunner.runTest(SuiteRunner.java:455)
	at org.testng.SuiteRunner.runSequentially(SuiteRunner.java:450)
	at org.testng.SuiteRunner.privateRun(SuiteRunner.java:415)
	at org.testng.SuiteRunner.run(SuiteRunner.java:364)
	at org.testng.SuiteRunnerWorker.runSuite(SuiteRunnerWorker.java:52)
	at org.testng.SuiteRunnerWorker.run(SuiteRunnerWorker.java:84)
	at org.testng.TestNG.runSuitesSequentially(TestNG.java:1208)
	at org.testng.TestNG.runSuitesLocally(TestNG.java:1137)
	at org.testng.TestNG.runSuites(TestNG.java:1049)
	at org.testng.TestNG.run(TestNG.java:1017)
	at org.testng.remote.AbstractRemoteTestNG.run(AbstractRemoteTestNG.java:115)
	at org.testng.remote.RemoteTestNG.initAndRun(RemoteTestNG.java:251)
	at org.testng.remote.RemoteTestNG.main(RemoteTestNG.java:77)
>>>>>>> Sync with Master
</pre></div></td>
<td>0</td>
<td>CTD_Unprocessed_Events_Endpoint.Disciplinary_charge_regulation@25bbe1b6</td></tr>
<tr>
<td title='CTD_Unprocessed_Events_Endpoint.Tombstone_cms_client_names.current_name_yn()'><b>current_name_yn</b><br>Test class: CTD_Unprocessed_Events_Endpoint.Tombstone_cms_client_names</td>
<<<<<<< master
<td><div><pre>org.testng.SkipException: SQL connection refused and therefore all tests are skipped
	at CTD_Unprocessed_Events_Endpoint.Tombstone_cms_client_names.jdbc(Tombstone_cms_client_names.java:48)
... Removed 26 stack frames</pre></div><a href='#' onClick='toggleBox("stack-trace254749889", this, "Click to show all stack frames", "Click to hide stack frames")'>Click to show all stack frames</a>
<div class='stack-trace' id='stack-trace254749889'><pre>org.testng.SkipException: SQL connection refused and therefore all tests are skipped
	at CTD_Unprocessed_Events_Endpoint.Tombstone_cms_client_names.jdbc(Tombstone_cms_client_names.java:48)
	at sun.reflect.NativeMethodAccessorImpl.invoke0(Native Method)
	at sun.reflect.NativeMethodAccessorImpl.invoke(Unknown Source)
	at sun.reflect.DelegatingMethodAccessorImpl.invoke(Unknown Source)
	at java.lang.reflect.Method.invoke(Unknown Source)
	at org.testng.internal.MethodInvocationHelper.invokeMethod(MethodInvocationHelper.java:124)
	at org.testng.internal.MethodInvocationHelper.invokeMethodConsideringTimeout(MethodInvocationHelper.java:59)
	at org.testng.internal.Invoker.invokeConfigurationMethod(Invoker.java:458)
	at org.testng.internal.Invoker.invokeConfigurations(Invoker.java:222)
	at org.testng.internal.Invoker.invokeConfigurations(Invoker.java:142)
	at org.testng.internal.TestMethodWorker.invokeBeforeClassMethods(TestMethodWorker.java:168)
	at org.testng.internal.TestMethodWorker.run(TestMethodWorker.java:105)
	at org.testng.TestRunner.privateRun(TestRunner.java:648)
	at org.testng.TestRunner.run(TestRunner.java:505)
	at org.testng.SuiteRunner.runTest(SuiteRunner.java:455)
	at org.testng.SuiteRunner.runSequentially(SuiteRunner.java:450)
	at org.testng.SuiteRunner.privateRun(SuiteRunner.java:415)
	at org.testng.SuiteRunner.run(SuiteRunner.java:364)
	at org.testng.SuiteRunnerWorker.runSuite(SuiteRunnerWorker.java:52)
	at org.testng.SuiteRunnerWorker.run(SuiteRunnerWorker.java:84)
	at org.testng.TestNG.runSuitesSequentially(TestNG.java:1208)
	at org.testng.TestNG.runSuitesLocally(TestNG.java:1137)
	at org.testng.TestNG.runSuites(TestNG.java:1049)
	at org.testng.TestNG.run(TestNG.java:1017)
	at org.testng.remote.AbstractRemoteTestNG.run(AbstractRemoteTestNG.java:115)
	at org.testng.remote.RemoteTestNG.initAndRun(RemoteTestNG.java:251)
	at org.testng.remote.RemoteTestNG.main(RemoteTestNG.java:77)
=======
<td><div><pre>org.testng.SkipException: SQL connection refused and therefore all tests are skipped
	at CTD_Unprocessed_Events_Endpoint.Tombstone_cms_client_names.jdbc(Tombstone_cms_client_names.java:48)
... Removed 26 stack frames</pre></div><a href='#' onClick='toggleBox("stack-trace254749889", this, "Click to show all stack frames", "Click to hide stack frames")'>Click to show all stack frames</a>
<div class='stack-trace' id='stack-trace254749889'><pre>org.testng.SkipException: SQL connection refused and therefore all tests are skipped
	at CTD_Unprocessed_Events_Endpoint.Tombstone_cms_client_names.jdbc(Tombstone_cms_client_names.java:48)
	at sun.reflect.NativeMethodAccessorImpl.invoke0(Native Method)
	at sun.reflect.NativeMethodAccessorImpl.invoke(Unknown Source)
	at sun.reflect.DelegatingMethodAccessorImpl.invoke(Unknown Source)
	at java.lang.reflect.Method.invoke(Unknown Source)
	at org.testng.internal.MethodInvocationHelper.invokeMethod(MethodInvocationHelper.java:124)
	at org.testng.internal.MethodInvocationHelper.invokeMethodConsideringTimeout(MethodInvocationHelper.java:59)
	at org.testng.internal.Invoker.invokeConfigurationMethod(Invoker.java:458)
	at org.testng.internal.Invoker.invokeConfigurations(Invoker.java:222)
	at org.testng.internal.Invoker.invokeConfigurations(Invoker.java:142)
	at org.testng.internal.TestMethodWorker.invokeBeforeClassMethods(TestMethodWorker.java:168)
	at org.testng.internal.TestMethodWorker.run(TestMethodWorker.java:105)
	at org.testng.TestRunner.privateRun(TestRunner.java:648)
	at org.testng.TestRunner.run(TestRunner.java:505)
	at org.testng.SuiteRunner.runTest(SuiteRunner.java:455)
	at org.testng.SuiteRunner.runSequentially(SuiteRunner.java:450)
	at org.testng.SuiteRunner.privateRun(SuiteRunner.java:415)
	at org.testng.SuiteRunner.run(SuiteRunner.java:364)
	at org.testng.SuiteRunnerWorker.runSuite(SuiteRunnerWorker.java:52)
	at org.testng.SuiteRunnerWorker.run(SuiteRunnerWorker.java:84)
	at org.testng.TestNG.runSuitesSequentially(TestNG.java:1208)
	at org.testng.TestNG.runSuitesLocally(TestNG.java:1137)
	at org.testng.TestNG.runSuites(TestNG.java:1049)
	at org.testng.TestNG.run(TestNG.java:1017)
	at org.testng.remote.AbstractRemoteTestNG.run(AbstractRemoteTestNG.java:115)
	at org.testng.remote.RemoteTestNG.initAndRun(RemoteTestNG.java:251)
	at org.testng.remote.RemoteTestNG.main(RemoteTestNG.java:77)
>>>>>>> Sync with Master
</pre></div></td>
<td>0</td>
<td>CTD_Unprocessed_Events_Endpoint.Tombstone_cms_client_names@cb644e</td></tr>
<tr>
<td title='CTD_Unprocessed_Events_Endpoint.Tombstone_cms_client_names.given1_nm()'><b>given1_nm</b><br>Test class: CTD_Unprocessed_Events_Endpoint.Tombstone_cms_client_names</td>
<td></td>
<td>0</td>
<td>CTD_Unprocessed_Events_Endpoint.Tombstone_cms_client_names@cb644e</td></tr>
<tr>
<td title='CTD_Unprocessed_Events_Endpoint.Tombstone_cms_personal_chars.pcty_cdfrom()'><b>pcty_cdfrom</b><br>Test class: CTD_Unprocessed_Events_Endpoint.Tombstone_cms_personal_chars</td>
<<<<<<< master
<td><div><pre>org.testng.SkipException: SQL connection refused and therefore all tests are skipped
	at CTD_Unprocessed_Events_Endpoint.Tombstone_cms_personal_chars.jdbc(Tombstone_cms_personal_chars.java:45)
... Removed 26 stack frames</pre></div><a href='#' onClick='toggleBox("stack-trace295221641", this, "Click to show all stack frames", "Click to hide stack frames")'>Click to show all stack frames</a>
<div class='stack-trace' id='stack-trace295221641'><pre>org.testng.SkipException: SQL connection refused and therefore all tests are skipped
	at CTD_Unprocessed_Events_Endpoint.Tombstone_cms_personal_chars.jdbc(Tombstone_cms_personal_chars.java:45)
	at sun.reflect.NativeMethodAccessorImpl.invoke0(Native Method)
	at sun.reflect.NativeMethodAccessorImpl.invoke(Unknown Source)
	at sun.reflect.DelegatingMethodAccessorImpl.invoke(Unknown Source)
	at java.lang.reflect.Method.invoke(Unknown Source)
	at org.testng.internal.MethodInvocationHelper.invokeMethod(MethodInvocationHelper.java:124)
	at org.testng.internal.MethodInvocationHelper.invokeMethodConsideringTimeout(MethodInvocationHelper.java:59)
	at org.testng.internal.Invoker.invokeConfigurationMethod(Invoker.java:458)
	at org.testng.internal.Invoker.invokeConfigurations(Invoker.java:222)
	at org.testng.internal.Invoker.invokeConfigurations(Invoker.java:142)
	at org.testng.internal.TestMethodWorker.invokeBeforeClassMethods(TestMethodWorker.java:168)
	at org.testng.internal.TestMethodWorker.run(TestMethodWorker.java:105)
	at org.testng.TestRunner.privateRun(TestRunner.java:648)
	at org.testng.TestRunner.run(TestRunner.java:505)
	at org.testng.SuiteRunner.runTest(SuiteRunner.java:455)
	at org.testng.SuiteRunner.runSequentially(SuiteRunner.java:450)
	at org.testng.SuiteRunner.privateRun(SuiteRunner.java:415)
	at org.testng.SuiteRunner.run(SuiteRunner.java:364)
	at org.testng.SuiteRunnerWorker.runSuite(SuiteRunnerWorker.java:52)
	at org.testng.SuiteRunnerWorker.run(SuiteRunnerWorker.java:84)
	at org.testng.TestNG.runSuitesSequentially(TestNG.java:1208)
	at org.testng.TestNG.runSuitesLocally(TestNG.java:1137)
	at org.testng.TestNG.runSuites(TestNG.java:1049)
	at org.testng.TestNG.run(TestNG.java:1017)
	at org.testng.remote.AbstractRemoteTestNG.run(AbstractRemoteTestNG.java:115)
	at org.testng.remote.RemoteTestNG.initAndRun(RemoteTestNG.java:251)
	at org.testng.remote.RemoteTestNG.main(RemoteTestNG.java:77)
=======
<td><div><pre>org.testng.SkipException: SQL connection refused and therefore all tests are skipped
	at CTD_Unprocessed_Events_Endpoint.Tombstone_cms_personal_chars.jdbc(Tombstone_cms_personal_chars.java:45)
... Removed 26 stack frames</pre></div><a href='#' onClick='toggleBox("stack-trace295221641", this, "Click to show all stack frames", "Click to hide stack frames")'>Click to show all stack frames</a>
<div class='stack-trace' id='stack-trace295221641'><pre>org.testng.SkipException: SQL connection refused and therefore all tests are skipped
	at CTD_Unprocessed_Events_Endpoint.Tombstone_cms_personal_chars.jdbc(Tombstone_cms_personal_chars.java:45)
	at sun.reflect.NativeMethodAccessorImpl.invoke0(Native Method)
	at sun.reflect.NativeMethodAccessorImpl.invoke(Unknown Source)
	at sun.reflect.DelegatingMethodAccessorImpl.invoke(Unknown Source)
	at java.lang.reflect.Method.invoke(Unknown Source)
	at org.testng.internal.MethodInvocationHelper.invokeMethod(MethodInvocationHelper.java:124)
	at org.testng.internal.MethodInvocationHelper.invokeMethodConsideringTimeout(MethodInvocationHelper.java:59)
	at org.testng.internal.Invoker.invokeConfigurationMethod(Invoker.java:458)
	at org.testng.internal.Invoker.invokeConfigurations(Invoker.java:222)
	at org.testng.internal.Invoker.invokeConfigurations(Invoker.java:142)
	at org.testng.internal.TestMethodWorker.invokeBeforeClassMethods(TestMethodWorker.java:168)
	at org.testng.internal.TestMethodWorker.run(TestMethodWorker.java:105)
	at org.testng.TestRunner.privateRun(TestRunner.java:648)
	at org.testng.TestRunner.run(TestRunner.java:505)
	at org.testng.SuiteRunner.runTest(SuiteRunner.java:455)
	at org.testng.SuiteRunner.runSequentially(SuiteRunner.java:450)
	at org.testng.SuiteRunner.privateRun(SuiteRunner.java:415)
	at org.testng.SuiteRunner.run(SuiteRunner.java:364)
	at org.testng.SuiteRunnerWorker.runSuite(SuiteRunnerWorker.java:52)
	at org.testng.SuiteRunnerWorker.run(SuiteRunnerWorker.java:84)
	at org.testng.TestNG.runSuitesSequentially(TestNG.java:1208)
	at org.testng.TestNG.runSuitesLocally(TestNG.java:1137)
	at org.testng.TestNG.runSuites(TestNG.java:1049)
	at org.testng.TestNG.run(TestNG.java:1017)
	at org.testng.remote.AbstractRemoteTestNG.run(AbstractRemoteTestNG.java:115)
	at org.testng.remote.RemoteTestNG.initAndRun(RemoteTestNG.java:251)
	at org.testng.remote.RemoteTestNG.main(RemoteTestNG.java:77)
>>>>>>> Sync with Master
</pre></div></td>
<td>0</td>
<td>CTD_Unprocessed_Events_Endpoint.Tombstone_cms_personal_chars@56ef9176</td></tr>
<tr>
<td title='CTD_Unprocessed_Events_Endpoint.Tombstone_cms_personal_chars.pcty_cdto()'><b>pcty_cdto</b><br>Test class: CTD_Unprocessed_Events_Endpoint.Tombstone_cms_personal_chars</td>
<<<<<<< master
<td><div><pre>org.testng.SkipException: SQL connection refused and therefore all tests are skipped
	at CTD_Unprocessed_Events_Endpoint.Tombstone_cms_personal_chars.jdbc(Tombstone_cms_personal_chars.java:45)
... Removed 26 stack frames</pre></div><a href='#' onClick='toggleBox("stack-trace750468423", this, "Click to show all stack frames", "Click to hide stack frames")'>Click to show all stack frames</a>
<div class='stack-trace' id='stack-trace750468423'><pre>org.testng.SkipException: SQL connection refused and therefore all tests are skipped
	at CTD_Unprocessed_Events_Endpoint.Tombstone_cms_personal_chars.jdbc(Tombstone_cms_personal_chars.java:45)
	at sun.reflect.NativeMethodAccessorImpl.invoke0(Native Method)
	at sun.reflect.NativeMethodAccessorImpl.invoke(Unknown Source)
	at sun.reflect.DelegatingMethodAccessorImpl.invoke(Unknown Source)
	at java.lang.reflect.Method.invoke(Unknown Source)
	at org.testng.internal.MethodInvocationHelper.invokeMethod(MethodInvocationHelper.java:124)
	at org.testng.internal.MethodInvocationHelper.invokeMethodConsideringTimeout(MethodInvocationHelper.java:59)
	at org.testng.internal.Invoker.invokeConfigurationMethod(Invoker.java:458)
	at org.testng.internal.Invoker.invokeConfigurations(Invoker.java:222)
	at org.testng.internal.Invoker.invokeConfigurations(Invoker.java:142)
	at org.testng.internal.TestMethodWorker.invokeBeforeClassMethods(TestMethodWorker.java:168)
	at org.testng.internal.TestMethodWorker.run(TestMethodWorker.java:105)
	at org.testng.TestRunner.privateRun(TestRunner.java:648)
	at org.testng.TestRunner.run(TestRunner.java:505)
	at org.testng.SuiteRunner.runTest(SuiteRunner.java:455)
	at org.testng.SuiteRunner.runSequentially(SuiteRunner.java:450)
	at org.testng.SuiteRunner.privateRun(SuiteRunner.java:415)
	at org.testng.SuiteRunner.run(SuiteRunner.java:364)
	at org.testng.SuiteRunnerWorker.runSuite(SuiteRunnerWorker.java:52)
	at org.testng.SuiteRunnerWorker.run(SuiteRunnerWorker.java:84)
	at org.testng.TestNG.runSuitesSequentially(TestNG.java:1208)
	at org.testng.TestNG.runSuitesLocally(TestNG.java:1137)
	at org.testng.TestNG.runSuites(TestNG.java:1049)
	at org.testng.TestNG.run(TestNG.java:1017)
	at org.testng.remote.AbstractRemoteTestNG.run(AbstractRemoteTestNG.java:115)
	at org.testng.remote.RemoteTestNG.initAndRun(RemoteTestNG.java:251)
	at org.testng.remote.RemoteTestNG.main(RemoteTestNG.java:77)
=======
<td><div><pre>org.testng.SkipException: SQL connection refused and therefore all tests are skipped
	at CTD_Unprocessed_Events_Endpoint.Tombstone_cms_personal_chars.jdbc(Tombstone_cms_personal_chars.java:45)
... Removed 26 stack frames</pre></div><a href='#' onClick='toggleBox("stack-trace750468423", this, "Click to show all stack frames", "Click to hide stack frames")'>Click to show all stack frames</a>
<div class='stack-trace' id='stack-trace750468423'><pre>org.testng.SkipException: SQL connection refused and therefore all tests are skipped
	at CTD_Unprocessed_Events_Endpoint.Tombstone_cms_personal_chars.jdbc(Tombstone_cms_personal_chars.java:45)
	at sun.reflect.NativeMethodAccessorImpl.invoke0(Native Method)
	at sun.reflect.NativeMethodAccessorImpl.invoke(Unknown Source)
	at sun.reflect.DelegatingMethodAccessorImpl.invoke(Unknown Source)
	at java.lang.reflect.Method.invoke(Unknown Source)
	at org.testng.internal.MethodInvocationHelper.invokeMethod(MethodInvocationHelper.java:124)
	at org.testng.internal.MethodInvocationHelper.invokeMethodConsideringTimeout(MethodInvocationHelper.java:59)
	at org.testng.internal.Invoker.invokeConfigurationMethod(Invoker.java:458)
	at org.testng.internal.Invoker.invokeConfigurations(Invoker.java:222)
	at org.testng.internal.Invoker.invokeConfigurations(Invoker.java:142)
	at org.testng.internal.TestMethodWorker.invokeBeforeClassMethods(TestMethodWorker.java:168)
	at org.testng.internal.TestMethodWorker.run(TestMethodWorker.java:105)
	at org.testng.TestRunner.privateRun(TestRunner.java:648)
	at org.testng.TestRunner.run(TestRunner.java:505)
	at org.testng.SuiteRunner.runTest(SuiteRunner.java:455)
	at org.testng.SuiteRunner.runSequentially(SuiteRunner.java:450)
	at org.testng.SuiteRunner.privateRun(SuiteRunner.java:415)
	at org.testng.SuiteRunner.run(SuiteRunner.java:364)
	at org.testng.SuiteRunnerWorker.runSuite(SuiteRunnerWorker.java:52)
	at org.testng.SuiteRunnerWorker.run(SuiteRunnerWorker.java:84)
	at org.testng.TestNG.runSuitesSequentially(TestNG.java:1208)
	at org.testng.TestNG.runSuitesLocally(TestNG.java:1137)
	at org.testng.TestNG.runSuites(TestNG.java:1049)
	at org.testng.TestNG.run(TestNG.java:1017)
	at org.testng.remote.AbstractRemoteTestNG.run(AbstractRemoteTestNG.java:115)
	at org.testng.remote.RemoteTestNG.initAndRun(RemoteTestNG.java:251)
	at org.testng.remote.RemoteTestNG.main(RemoteTestNG.java:77)
>>>>>>> Sync with Master
</pre></div></td>
<td>0</td>
<td>CTD_Unprocessed_Events_Endpoint.Tombstone_cms_personal_chars@56ef9176</td></tr>
<tr>
<td title='CTD_Unprocessed_Events_Endpoint.Disciplinary_Charge.regu_id()'><b>regu_id</b><br>Test class: CTD_Unprocessed_Events_Endpoint.Disciplinary_Charge</td>
<<<<<<< master
<td><div><pre>org.testng.SkipException: SQL connection refused and therefore all tests are skipped
	at CTD_Unprocessed_Events_Endpoint.Disciplinary_Charge.jdbc(Disciplinary_Charge.java:44)
... Removed 26 stack frames</pre></div><a href='#' onClick='toggleBox("stack-trace1262773598", this, "Click to show all stack frames", "Click to hide stack frames")'>Click to show all stack frames</a>
<div class='stack-trace' id='stack-trace1262773598'><pre>org.testng.SkipException: SQL connection refused and therefore all tests are skipped
	at CTD_Unprocessed_Events_Endpoint.Disciplinary_Charge.jdbc(Disciplinary_Charge.java:44)
	at sun.reflect.NativeMethodAccessorImpl.invoke0(Native Method)
	at sun.reflect.NativeMethodAccessorImpl.invoke(Unknown Source)
	at sun.reflect.DelegatingMethodAccessorImpl.invoke(Unknown Source)
	at java.lang.reflect.Method.invoke(Unknown Source)
	at org.testng.internal.MethodInvocationHelper.invokeMethod(MethodInvocationHelper.java:124)
	at org.testng.internal.MethodInvocationHelper.invokeMethodConsideringTimeout(MethodInvocationHelper.java:59)
	at org.testng.internal.Invoker.invokeConfigurationMethod(Invoker.java:458)
	at org.testng.internal.Invoker.invokeConfigurations(Invoker.java:222)
	at org.testng.internal.Invoker.invokeConfigurations(Invoker.java:142)
	at org.testng.internal.TestMethodWorker.invokeBeforeClassMethods(TestMethodWorker.java:168)
	at org.testng.internal.TestMethodWorker.run(TestMethodWorker.java:105)
	at org.testng.TestRunner.privateRun(TestRunner.java:648)
	at org.testng.TestRunner.run(TestRunner.java:505)
	at org.testng.SuiteRunner.runTest(SuiteRunner.java:455)
	at org.testng.SuiteRunner.runSequentially(SuiteRunner.java:450)
	at org.testng.SuiteRunner.privateRun(SuiteRunner.java:415)
	at org.testng.SuiteRunner.run(SuiteRunner.java:364)
	at org.testng.SuiteRunnerWorker.runSuite(SuiteRunnerWorker.java:52)
	at org.testng.SuiteRunnerWorker.run(SuiteRunnerWorker.java:84)
	at org.testng.TestNG.runSuitesSequentially(TestNG.java:1208)
	at org.testng.TestNG.runSuitesLocally(TestNG.java:1137)
	at org.testng.TestNG.runSuites(TestNG.java:1049)
	at org.testng.TestNG.run(TestNG.java:1017)
	at org.testng.remote.AbstractRemoteTestNG.run(AbstractRemoteTestNG.java:115)
	at org.testng.remote.RemoteTestNG.initAndRun(RemoteTestNG.java:251)
	at org.testng.remote.RemoteTestNG.main(RemoteTestNG.java:77)
=======
<td><div><pre>org.testng.SkipException: SQL connection refused and therefore all tests are skipped
	at CTD_Unprocessed_Events_Endpoint.Disciplinary_Charge.jdbc(Disciplinary_Charge.java:44)
... Removed 26 stack frames</pre></div><a href='#' onClick='toggleBox("stack-trace1262773598", this, "Click to show all stack frames", "Click to hide stack frames")'>Click to show all stack frames</a>
<div class='stack-trace' id='stack-trace1262773598'><pre>org.testng.SkipException: SQL connection refused and therefore all tests are skipped
	at CTD_Unprocessed_Events_Endpoint.Disciplinary_Charge.jdbc(Disciplinary_Charge.java:44)
	at sun.reflect.NativeMethodAccessorImpl.invoke0(Native Method)
	at sun.reflect.NativeMethodAccessorImpl.invoke(Unknown Source)
	at sun.reflect.DelegatingMethodAccessorImpl.invoke(Unknown Source)
	at java.lang.reflect.Method.invoke(Unknown Source)
	at org.testng.internal.MethodInvocationHelper.invokeMethod(MethodInvocationHelper.java:124)
	at org.testng.internal.MethodInvocationHelper.invokeMethodConsideringTimeout(MethodInvocationHelper.java:59)
	at org.testng.internal.Invoker.invokeConfigurationMethod(Invoker.java:458)
	at org.testng.internal.Invoker.invokeConfigurations(Invoker.java:222)
	at org.testng.internal.Invoker.invokeConfigurations(Invoker.java:142)
	at org.testng.internal.TestMethodWorker.invokeBeforeClassMethods(TestMethodWorker.java:168)
	at org.testng.internal.TestMethodWorker.run(TestMethodWorker.java:105)
	at org.testng.TestRunner.privateRun(TestRunner.java:648)
	at org.testng.TestRunner.run(TestRunner.java:505)
	at org.testng.SuiteRunner.runTest(SuiteRunner.java:455)
	at org.testng.SuiteRunner.runSequentially(SuiteRunner.java:450)
	at org.testng.SuiteRunner.privateRun(SuiteRunner.java:415)
	at org.testng.SuiteRunner.run(SuiteRunner.java:364)
	at org.testng.SuiteRunnerWorker.runSuite(SuiteRunnerWorker.java:52)
	at org.testng.SuiteRunnerWorker.run(SuiteRunnerWorker.java:84)
	at org.testng.TestNG.runSuitesSequentially(TestNG.java:1208)
	at org.testng.TestNG.runSuitesLocally(TestNG.java:1137)
	at org.testng.TestNG.runSuites(TestNG.java:1049)
	at org.testng.TestNG.run(TestNG.java:1017)
	at org.testng.remote.AbstractRemoteTestNG.run(AbstractRemoteTestNG.java:115)
	at org.testng.remote.RemoteTestNG.initAndRun(RemoteTestNG.java:251)
	at org.testng.remote.RemoteTestNG.main(RemoteTestNG.java:77)
>>>>>>> Sync with Master
</pre></div></td>
<td>0</td>
<td>CTD_Unprocessed_Events_Endpoint.Disciplinary_Charge@4566e5bd</td></tr>
<tr>
<td title='CTD_Unprocessed_Events_Endpoint.Disciplinary_Charge.sealed_ynntoy()'><b>sealed_ynntoy</b><br>Test class: CTD_Unprocessed_Events_Endpoint.Disciplinary_Charge</td>
<td></td>
<td>0</td>
<td>CTD_Unprocessed_Events_Endpoint.Disciplinary_Charge@4566e5bd</td></tr>
<tr>
<td title='CTD_Unprocessed_Events_Endpoint.Disciplinary_Charge.sealed_ynyton()'><b>sealed_ynyton</b><br>Test class: CTD_Unprocessed_Events_Endpoint.Disciplinary_Charge</td>
<td></td>
<td>0</td>
<td>CTD_Unprocessed_Events_Endpoint.Disciplinary_Charge@4566e5bd</td></tr>
<tr>
<td title='CTD_Unprocessed_Events_Endpoint.Tombstone_cms_client_names.surname_nm()'><b>surname_nm</b><br>Test class: CTD_Unprocessed_Events_Endpoint.Tombstone_cms_client_names</td>
<td></td>
<td>0</td>
<td>CTD_Unprocessed_Events_Endpoint.Tombstone_cms_client_names@cb644e</td></tr>
</table><p>
</body>
</html>