<?xml version="1.0" encoding="UTF-8"?>
<testng-results skipped="0" failed="1" ignored="0" total="1" passed="0">
  <reporter-output>
  </reporter-output>
  <suite name="Default suite" duration-ms="348723" started-at="2019-11-24T20:26:44Z" finished-at="2019-11-24T20:32:33Z">
    <groups>
    </groups>
    <test name="Default test" duration-ms="348723" started-at="2019-11-24T20:26:44Z" finished-at="2019-11-24T20:32:33Z">
      <class name="CTD_Cliemrg.clientmrg">
        <test-method status="PASS" signature="setup()[pri:0, instance:CTD_Cliemrg.clientmrg@1e2dbf3]" name="setup" is-config="true" duration-ms="341" started-at="2019-11-24T20:26:43Z" finished-at="2019-11-24T20:26:44Z">
          <reporter-output>
          </reporter-output>
        </test-method> <!-- setup -->
        <test-method status="PASS" signature="jdbc()[pri:0, instance:CTD_Cliemrg.clientmrg@1e2dbf3]" name="jdbc" is-config="true" duration-ms="1088" started-at="2019-11-24T20:26:44Z" finished-at="2019-11-24T20:26:45Z">
          <reporter-output>
          </reporter-output>
        </test-method> <!-- jdbc -->
        <test-method status="FAIL" signature="webdriver()[pri:0, instance:CTD_Cliemrg.clientmrg@1e2dbf3]" name="webdriver" duration-ms="347524" started-at="2019-11-24T20:26:45Z" finished-at="2019-11-24T20:32:32Z">
          <exception class="org.openqa.selenium.TimeoutException">
            <message>
              <![CDATA[Expected condition failed: waiting for visibility of element located by By.xpath: //li[@aria-label='Add New Involved Client - Community Incident'] (tried for 20 second(s) with 500 milliseconds interval)]]>
            </message>
            <full-stacktrace>
              <![CDATA[org.openqa.selenium.TimeoutException: Expected condition failed: waiting for visibility of element located by By.xpath: //li[@aria-label='Add New Involved Client - Community Incident'] (tried for 20 second(s) with 500 milliseconds interval)
at org.openqa.selenium.support.ui.WebDriverWait.timeoutException(WebDriverWait.java:113)
at org.openqa.selenium.support.ui.FluentWait.until(FluentWait.java:283)
at CTD_Cliemrg.clientmrg.webdriver(clientmrg.java:562)
at sun.reflect.NativeMethodAccessorImpl.invoke0(Native Method)
at sun.reflect.NativeMethodAccessorImpl.invoke(Unknown Source)
at sun.reflect.DelegatingMethodAccessorImpl.invoke(Unknown Source)
at java.lang.reflect.Method.invoke(Unknown Source)
at org.testng.internal.MethodInvocationHelper.invokeMethod(MethodInvocationHelper.java:124)
at org.testng.internal.Invoker.invokeMethod(Invoker.java:583)
at org.testng.internal.Invoker.invokeTestMethod(Invoker.java:719)
at org.testng.internal.Invoker.invokeTestMethods(Invoker.java:989)
at org.testng.internal.TestMethodWorker.invokeTestMethods(TestMethodWorker.java:125)
at org.testng.internal.TestMethodWorker.run(TestMethodWorker.java:109)
at org.testng.TestRunner.privateRun(TestRunner.java:648)
at org.testng.TestRunner.run(TestRunner.java:505)
at org.testng.SuiteRunner.runTest(SuiteRunner.java:455)
at org.testng.SuiteRunner.runSequentially(SuiteRunner.java:450)
at org.testng.SuiteRunner.privateRun(SuiteRunner.java:415)
at org.testng.SuiteRunner.run(SuiteRunner.java:364)
at org.testng.SuiteRunnerWorker.runSuite(SuiteRunnerWorker.java:52)
at org.testng.SuiteRunnerWorker.run(SuiteRunnerWorker.java:84)
at org.testng.TestNG.runSuitesSequentially(TestNG.java:1208)
at org.testng.TestNG.runSuitesLocally(TestNG.java:1137)
at org.testng.TestNG.runSuites(TestNG.java:1049)
at org.testng.TestNG.run(TestNG.java:1017)
at org.testng.remote.AbstractRemoteTestNG.run(AbstractRemoteTestNG.java:115)
at org.testng.remote.RemoteTestNG.initAndRun(RemoteTestNG.java:251)
at org.testng.remote.RemoteTestNG.main(RemoteTestNG.java:77)
Caused by: org.openqa.selenium.NoSuchElementException: Cannot locate an element using By.xpath: //li[@aria-label='Add New Involved Client - Community Incident']
For documentation on this error, please visit: http://seleniumhq.org/exceptions/no_such_element.html
Build info: version: '3.14.0', revision: 'aacccce0', time: '2018-08-02T20:19:58.91Z'
System info: host: 'CAVICSRGXFTVT2', ip: '142.32.118.159', os.name: 'Windows 10', os.arch: 'x86', os.version: '10.0', java.version: '1.8.0_211'
Driver info: driver.version: unknown
at org.openqa.selenium.support.ui.ExpectedConditions.lambda$findElement$0(ExpectedConditions.java:896)
at java.util.Optional.orElseThrow(Unknown Source)
at org.openqa.selenium.support.ui.ExpectedConditions.findElement(ExpectedConditions.java:895)
at org.openqa.selenium.support.ui.ExpectedConditions.access$000(ExpectedConditions.java:44)
at org.openqa.selenium.support.ui.ExpectedConditions$7.apply(ExpectedConditions.java:206)
at org.openqa.selenium.support.ui.ExpectedConditions$7.apply(ExpectedConditions.java:202)
at org.openqa.selenium.support.ui.FluentWait.until(FluentWait.java:260)
... 26 more
]]>
            </full-stacktrace>
          </exception> <!-- org.openqa.selenium.TimeoutException -->
          <reporter-output>
          </reporter-output>
        </test-method> <!-- webdriver -->
        <test-method status="PASS" signature="jdbcclose()[pri:0, instance:CTD_Cliemrg.clientmrg@1e2dbf3]" name="jdbcclose" is-config="true" duration-ms="56" started-at="2019-11-24T20:32:32Z" finished-at="2019-11-24T20:32:33Z">
          <reporter-output>
          </reporter-output>
        </test-method> <!-- jdbcclose -->
        <test-method status="PASS" signature="extentteardown()[pri:0, instance:CTD_Cliemrg.clientmrg@1e2dbf3]" name="extentteardown" is-config="true" duration-ms="679" started-at="2019-11-24T20:32:33Z" finished-at="2019-11-24T20:32:33Z">
          <reporter-output>
          </reporter-output>
        </test-method> <!-- extentteardown -->
      </class> <!-- CTD_Cliemrg.clientmrg -->
    </test> <!-- Default test -->
  </suite> <!-- Default suite -->
</testng-results>
