<<<<<<< HEAD
<<<<<<< master
=======
>>>>>>> Dev
<?xml version="1.0" encoding="UTF-8"?>
<!-- Generated by org.testng.reporters.JUnitReportReporter -->
<testsuite skipped="0" hostname="CAVICSRGXFTVT2" name="CTD_Unprocessed_Events_Endpoint.Tombstone_cms_personal_chars" tests="2" failures="0" timestamp="25 Jun 2019 18:27:16 GMT" time="110.175" errors="1">
  <testcase name="pct_cdto" time="53.868" classname="CTD_Unprocessed_Events_Endpoint.Tombstone_cms_personal_chars">
    <error type="java.sql.SQLException" message="ORA-01740: missing double quote in identifier
">
      <![CDATA[java.sql.SQLException: ORA-01740: missing double quote in identifier

at oracle.jdbc.driver.DatabaseError.throwSqlException(DatabaseError.java:112)
at oracle.jdbc.driver.T4CTTIoer.processError(T4CTTIoer.java:331)
at oracle.jdbc.driver.T4CTTIoer.processError(T4CTTIoer.java:288)
at oracle.jdbc.driver.T4C8Oall.receive(T4C8Oall.java:745)
at oracle.jdbc.driver.T4CStatement.doOall8(T4CStatement.java:210)
at oracle.jdbc.driver.T4CStatement.executeForDescribe(T4CStatement.java:804)
at oracle.jdbc.driver.OracleStatement.executeMaybeDescribe(OracleStatement.java:1049)
at oracle.jdbc.driver.T4CStatement.executeMaybeDescribe(T4CStatement.java:845)
at oracle.jdbc.driver.OracleStatement.doExecuteWithTimeout(OracleStatement.java:1154)
at oracle.jdbc.driver.OracleStatement.executeQuery(OracleStatement.java:1313)
at CTD_Unprocessed_Events_Endpoint.Tombstone_cms_personal_chars.pct_cdto(Tombstone_cms_personal_chars.java:201)
at sun.reflect.NativeMethodAccessorImpl.invoke0(Native Method)
at sun.reflect.NativeMethodAccessorImpl.invoke(Unknown Source)
at sun.reflect.DelegatingMethodAccessorImpl.invoke(Unknown Source)
at java.lang.reflect.Method.invoke(Unknown Source)
at org.testng.internal.MethodInvocationHelper.invokeMethod(MethodInvocationHelper.java:124)
at org.testng.internal.Invoker.invokeMethod(Invoker.java:583)
at org.testng.internal.Invoker.invokeTestMethod(Invoker.java:719)
at org.testng.internal.Invoker.invokeTestMethods(Invoker.java:989)
at org.testng.internal.TestMethodWorker.invokeTestMethods(TestMethodWorker.java:125)
at org.testng.internal.TestMethodWorker.run(TestMethodWorker.java:109)
at org.testng.TestRunner.privateRun(TestRunner.java:648)
at org.testng.TestRunner.run(TestRunner.java:505)
at org.testng.SuiteRunner.runTest(SuiteRunner.java:455)
at org.testng.SuiteRunner.runSequentially(SuiteRunner.java:450)
at org.testng.SuiteRunner.privateRun(SuiteRunner.java:415)
at org.testng.SuiteRunner.run(SuiteRunner.java:364)
at org.testng.SuiteRunnerWorker.runSuite(SuiteRunnerWorker.java:52)
at org.testng.SuiteRunnerWorker.run(SuiteRunnerWorker.java:84)
at org.testng.TestNG.runSuitesSequentially(TestNG.java:1208)
at org.testng.TestNG.runSuitesLocally(TestNG.java:1137)
at org.testng.TestNG.runSuites(TestNG.java:1049)
at org.testng.TestNG.run(TestNG.java:1017)
at org.testng.remote.AbstractRemoteTestNG.run(AbstractRemoteTestNG.java:115)
at org.testng.remote.RemoteTestNG.initAndRun(RemoteTestNG.java:251)
at org.testng.remote.RemoteTestNG.main(RemoteTestNG.java:77)
]]>
    </error>
  </testcase> <!-- pct_cdto -->
  <testcase name="pcty_cdfrom" time="56.307" classname="CTD_Unprocessed_Events_Endpoint.Tombstone_cms_personal_chars"/>
</testsuite> <!-- CTD_Unprocessed_Events_Endpoint.Tombstone_cms_personal_chars -->
<<<<<<< HEAD
=======
<?xml version="1.0" encoding="UTF-8"?>
<!-- Generated by org.testng.reporters.JUnitReportReporter -->
<testsuite skipped="0" hostname="CAVICSRGXFTVT2" name="CTD_Unprocessed_Events_Endpoint.Tombstone_cms_personal_chars" tests="2" failures="0" timestamp="25 Jun 2019 18:27:16 GMT" time="110.175" errors="1">
  <testcase name="pct_cdto" time="53.868" classname="CTD_Unprocessed_Events_Endpoint.Tombstone_cms_personal_chars">
    <error type="java.sql.SQLException" message="ORA-01740: missing double quote in identifier
">
      <![CDATA[java.sql.SQLException: ORA-01740: missing double quote in identifier

at oracle.jdbc.driver.DatabaseError.throwSqlException(DatabaseError.java:112)
at oracle.jdbc.driver.T4CTTIoer.processError(T4CTTIoer.java:331)
at oracle.jdbc.driver.T4CTTIoer.processError(T4CTTIoer.java:288)
at oracle.jdbc.driver.T4C8Oall.receive(T4C8Oall.java:745)
at oracle.jdbc.driver.T4CStatement.doOall8(T4CStatement.java:210)
at oracle.jdbc.driver.T4CStatement.executeForDescribe(T4CStatement.java:804)
at oracle.jdbc.driver.OracleStatement.executeMaybeDescribe(OracleStatement.java:1049)
at oracle.jdbc.driver.T4CStatement.executeMaybeDescribe(T4CStatement.java:845)
at oracle.jdbc.driver.OracleStatement.doExecuteWithTimeout(OracleStatement.java:1154)
at oracle.jdbc.driver.OracleStatement.executeQuery(OracleStatement.java:1313)
at CTD_Unprocessed_Events_Endpoint.Tombstone_cms_personal_chars.pct_cdto(Tombstone_cms_personal_chars.java:201)
at sun.reflect.NativeMethodAccessorImpl.invoke0(Native Method)
at sun.reflect.NativeMethodAccessorImpl.invoke(Unknown Source)
at sun.reflect.DelegatingMethodAccessorImpl.invoke(Unknown Source)
at java.lang.reflect.Method.invoke(Unknown Source)
at org.testng.internal.MethodInvocationHelper.invokeMethod(MethodInvocationHelper.java:124)
at org.testng.internal.Invoker.invokeMethod(Invoker.java:583)
at org.testng.internal.Invoker.invokeTestMethod(Invoker.java:719)
at org.testng.internal.Invoker.invokeTestMethods(Invoker.java:989)
at org.testng.internal.TestMethodWorker.invokeTestMethods(TestMethodWorker.java:125)
at org.testng.internal.TestMethodWorker.run(TestMethodWorker.java:109)
at org.testng.TestRunner.privateRun(TestRunner.java:648)
at org.testng.TestRunner.run(TestRunner.java:505)
at org.testng.SuiteRunner.runTest(SuiteRunner.java:455)
at org.testng.SuiteRunner.runSequentially(SuiteRunner.java:450)
at org.testng.SuiteRunner.privateRun(SuiteRunner.java:415)
at org.testng.SuiteRunner.run(SuiteRunner.java:364)
at org.testng.SuiteRunnerWorker.runSuite(SuiteRunnerWorker.java:52)
at org.testng.SuiteRunnerWorker.run(SuiteRunnerWorker.java:84)
at org.testng.TestNG.runSuitesSequentially(TestNG.java:1208)
at org.testng.TestNG.runSuitesLocally(TestNG.java:1137)
at org.testng.TestNG.runSuites(TestNG.java:1049)
at org.testng.TestNG.run(TestNG.java:1017)
at org.testng.remote.AbstractRemoteTestNG.run(AbstractRemoteTestNG.java:115)
at org.testng.remote.RemoteTestNG.initAndRun(RemoteTestNG.java:251)
at org.testng.remote.RemoteTestNG.main(RemoteTestNG.java:77)
]]>
    </error>
  </testcase> <!-- pct_cdto -->
  <testcase name="pcty_cdfrom" time="56.307" classname="CTD_Unprocessed_Events_Endpoint.Tombstone_cms_personal_chars"/>
</testsuite> <!-- CTD_Unprocessed_Events_Endpoint.Tombstone_cms_personal_chars -->
>>>>>>> Sync with Master
=======
>>>>>>> Dev
